{"D:\\FullStackProject\\CMSWebsite\\cms-backend\\src\\index.ts": {"path":"D:\\FullStackProject\\CMSWebsite\\cms-backend\\src\\index.ts","statementMap":{"0":{"start":{"line":2,"column":0},"end":{"line":2,"column":30}},"1":{"start":{"line":3,"column":0},"end":{"line":3,"column":28}},"2":{"start":{"line":4,"column":0},"end":{"line":4,"column":null}},"3":{"start":{"line":8,"column":0},"end":{"line":8,"column":57}},"4":{"start":{"line":9,"column":0},"end":{"line":9,"column":48}},"5":{"start":{"line":10,"column":0},"end":{"line":10,"column":46}},"6":{"start":{"line":11,"column":0},"end":{"line":11,"column":50}},"7":{"start":{"line":12,"column":0},"end":{"line":12,"column":30}},"8":{"start":{"line":14,"column":12},"end":{"line":14,"column":21}},"9":{"start":{"line":17,"column":0},"end":{"line":19,"column":1}},"10":{"start":{"line":18,"column":2},"end":{"line":18,"column":30}},"11":{"start":{"line":22,"column":0},"end":{"line":22,"column":40}},"12":{"start":{"line":23,"column":0},"end":{"line":23,"column":62}},"13":{"start":{"line":26,"column":0},"end":{"line":26,"column":50}},"14":{"start":{"line":26,"column":37},"end":{"line":26,"column":48}},"15":{"start":{"line":29,"column":0},"end":{"line":29,"column":36}},"16":{"start":{"line":32,"column":0},"end":{"line":32,"column":52}},"17":{"start":{"line":35,"column":0},"end":{"line":35,"column":68}},"18":{"start":{"line":38,"column":0},"end":{"line":38,"column":36}},"19":{"start":{"line":41,"column":0},"end":{"line":41,"column":57}},"20":{"start":{"line":41,"column":33},"end":{"line":41,"column":55}},"21":{"start":{"line":44,"column":0},"end":{"line":59,"column":2}},"22":{"start":{"line":51,"column":4},"end":{"line":51,"column":74}},"23":{"start":{"line":52,"column":19},"end":{"line":52,"column":37}},"24":{"start":{"line":53,"column":20},"end":{"line":53,"column":59}},"25":{"start":{"line":54,"column":20},"end":{"line":54,"column":45}},"26":{"start":{"line":55,"column":25},"end":{"line":55,"column":36}},"27":{"start":{"line":56,"column":4},"end":{"line":56,"column":43}},"28":{"start":{"line":56,"column":17},"end":{"line":56,"column":43}},"29":{"start":{"line":57,"column":4},"end":{"line":57,"column":37}},"30":{"start":{"line":62,"column":0},"end":{"line":67,"column":1}},"31":{"start":{"line":63,"column":15},"end":{"line":63,"column":42}},"32":{"start":{"line":64,"column":2},"end":{"line":66,"column":5}},"33":{"start":{"line":65,"column":4},"end":{"line":65,"column":52}},"34":{"start":{"line":70,"column":0},"end":{"line":70,"column":19}}},"fnMap":{"0":{"name":"(anonymous_10)","decl":{"start":{"line":26,"column":29},"end":{"line":26,"column":30}},"loc":{"start":{"line":26,"column":37},"end":{"line":26,"column":48}}},"1":{"name":"(anonymous_11)","decl":{"start":{"line":41,"column":19},"end":{"line":41,"column":20}},"loc":{"start":{"line":41,"column":33},"end":{"line":41,"column":55}}},"2":{"name":"(anonymous_12)","decl":{"start":{"line":45,"column":2},"end":{"line":45,"column":null}},"loc":{"start":{"line":50,"column":6},"end":{"line":58,"column":3}}},"3":{"name":"(anonymous_13)","decl":{"start":{"line":64,"column":19},"end":{"line":64,"column":22}},"loc":{"start":{"line":64,"column":24},"end":{"line":66,"column":3}}}},"branchMap":{"0":{"loc":{"start":{"line":17,"column":0},"end":{"line":19,"column":1}},"type":"if","locations":[{"start":{"line":17,"column":0},"end":{"line":19,"column":1}},{"start":{},"end":{}}]},"1":{"loc":{"start":{"line":51,"column":38},"end":{"line":51,"column":72}},"type":"cond-expr","locations":[{"start":{"line":51,"column":57},"end":{"line":51,"column":66}},{"start":{"line":51,"column":69},"end":{"line":51,"column":72}}]},"2":{"loc":{"start":{"line":51,"column":38},"end":{"line":51,"column":54}},"type":"binary-expr","locations":[{"start":{"line":51,"column":38},"end":{"line":51,"column":41}},{"start":{"line":51,"column":45},"end":{"line":51,"column":54}}]},"3":{"loc":{"start":{"line":52,"column":19},"end":{"line":52,"column":37}},"type":"binary-expr","locations":[{"start":{"line":52,"column":19},"end":{"line":52,"column":30}},{"start":{"line":52,"column":34},"end":{"line":52,"column":37}}]},"4":{"loc":{"start":{"line":53,"column":20},"end":{"line":53,"column":59}},"type":"binary-expr","locations":[{"start":{"line":53,"column":20},"end":{"line":53,"column":32}},{"start":{"line":53,"column":36},"end":{"line":53,"column":59}}]},"5":{"loc":{"start":{"line":54,"column":20},"end":{"line":54,"column":45}},"type":"binary-expr","locations":[{"start":{"line":54,"column":20},"end":{"line":54,"column":32}},{"start":{"line":54,"column":36},"end":{"line":54,"column":45}}]},"6":{"loc":{"start":{"line":56,"column":4},"end":{"line":56,"column":43}},"type":"if","locations":[{"start":{"line":56,"column":4},"end":{"line":56,"column":43}},{"start":{},"end":{}}]},"7":{"loc":{"start":{"line":62,"column":0},"end":{"line":67,"column":1}},"type":"if","locations":[{"start":{"line":62,"column":0},"end":{"line":67,"column":1}},{"start":{},"end":{}}]},"8":{"loc":{"start":{"line":63,"column":22},"end":{"line":63,"column":41}},"type":"binary-expr","locations":[{"start":{"line":63,"column":22},"end":{"line":63,"column":33}},{"start":{"line":63,"column":37},"end":{"line":63,"column":41}}]}},"s":{"0":4,"1":4,"2":4,"3":4,"4":4,"5":4,"6":4,"7":4,"8":4,"9":4,"10":0,"11":4,"12":4,"13":4,"14":12,"15":4,"16":4,"17":4,"18":4,"19":4,"20":0,"21":4,"22":0,"23":0,"24":0,"25":0,"26":0,"27":0,"28":0,"29":0,"30":4,"31":0,"32":0,"33":0,"34":4},"f":{"0":12,"1":0,"2":0,"3":0},"b":{"0":[0,4],"1":[0,0],"2":[0,0],"3":[0,0],"4":[0,0],"5":[0,0],"6":[0,0],"7":[0,4],"8":[0,0]}}
,"D:\\FullStackProject\\CMSWebsite\\cms-backend\\src\\config\\index.ts": {"path":"D:\\FullStackProject\\CMSWebsite\\cms-backend\\src\\config\\index.ts","statementMap":{"0":{"start":{"line":1,"column":0},"end":{"line":1,"column":28}},"1":{"start":{"line":2,"column":0},"end":{"line":2,"column":24}},"2":{"start":{"line":3,"column":0},"end":{"line":3,"column":16}},"3":{"start":{"line":5,"column":12},"end":{"line":5,"column":72}},"4":{"start":{"line":5,"column":46},"end":{"line":5,"column":72}},"5":{"start":{"line":6,"column":16},"end":{"line":6,"column":70}},"6":{"start":{"line":7,"column":0},"end":{"line":7,"column":62}},"7":{"start":{"line":9,"column":12},"end":{"line":9,"column":31}},"8":{"start":{"line":10,"column":2},"end":{"line":10,"column":26}},"9":{"start":{"line":10,"column":10},"end":{"line":10,"column":26}},"10":{"start":{"line":11,"column":12},"end":{"line":11,"column":21}},"11":{"start":{"line":12,"column":2},"end":{"line":12,"column":43}},"12":{"start":{"line":15,"column":15},"end":{"line":31,"column":2}},"13":{"start":{"line":33,"column":0},"end":{"line":33,"column":22}}},"fnMap":{"0":{"name":"(anonymous_1)","decl":{"start":{"line":5,"column":12},"end":{"line":5,"column":13}},"loc":{"start":{"line":5,"column":46},"end":{"line":5,"column":72}}},"1":{"name":"readNumber","decl":{"start":{"line":8,"column":9},"end":{"line":8,"column":19}},"loc":{"start":{"line":8,"column":52},"end":{"line":13,"column":1}}}},"branchMap":{"0":{"loc":{"start":{"line":5,"column":46},"end":{"line":5,"column":72}},"type":"binary-expr","locations":[{"start":{"line":5,"column":46},"end":{"line":5,"column":60}},{"start":{"line":5,"column":64},"end":{"line":5,"column":72}}]},"1":{"loc":{"start":{"line":6,"column":16},"end":{"line":6,"column":70}},"type":"cond-expr","locations":[{"start":{"line":6,"column":50},"end":{"line":6,"column":61}},{"start":{"line":6,"column":64},"end":{"line":6,"column":70}}]},"2":{"loc":{"start":{"line":10,"column":2},"end":{"line":10,"column":26}},"type":"if","locations":[{"start":{"line":10,"column":2},"end":{"line":10,"column":26}},{"start":{},"end":{}}]},"3":{"loc":{"start":{"line":12,"column":9},"end":{"line":12,"column":42}},"type":"cond-expr","locations":[{"start":{"line":12,"column":30},"end":{"line":12,"column":31}},{"start":{"line":12,"column":34},"end":{"line":12,"column":42}}]},"4":{"loc":{"start":{"line":30,"column":12},"end":{"line":30,"column":49}},"type":"binary-expr","locations":[{"start":{"line":30,"column":12},"end":{"line":30,"column":32}},{"start":{"line":30,"column":36},"end":{"line":30,"column":49}}]}},"s":{"0":4,"1":4,"2":4,"3":4,"4":40,"5":4,"6":4,"7":12,"8":12,"9":4,"10":8,"11":8,"12":4,"13":4},"f":{"0":40,"1":12},"b":{"0":[40,0],"1":[4,0],"2":[4,8],"3":[8,0],"4":[4,0]}}
,"D:\\FullStackProject\\CMSWebsite\\cms-backend\\src\\controllers\\auth.controller.ts": {"path":"D:\\FullStackProject\\CMSWebsite\\cms-backend\\src\\controllers\\auth.controller.ts","statementMap":{"0":{"start":{"line":19,"column":0},"end":{"line":19,"column":7}},"1":{"start":{"line":57,"column":0},"end":{"line":57,"column":7}},"2":{"start":{"line":104,"column":0},"end":{"line":104,"column":7}},"3":{"start":{"line":3,"column":0},"end":{"line":3,"column":56}},"4":{"start":{"line":4,"column":0},"end":{"line":4,"column":24}},"5":{"start":{"line":5,"column":0},"end":{"line":5,"column":31}},"6":{"start":{"line":7,"column":20},"end":{"line":10,"column":2}},"7":{"start":{"line":12,"column":23},"end":{"line":17,"column":2}},"8":{"start":{"line":20,"column":2},"end":{"line":50,"column":3}},"9":{"start":{"line":21,"column":19},"end":{"line":21,"column":46}},"10":{"start":{"line":22,"column":17},"end":{"line":22,"column":64}},"11":{"start":{"line":23,"column":4},"end":{"line":23,"column":79}},"12":{"start":{"line":23,"column":15},"end":{"line":23,"column":79}},"13":{"start":{"line":25,"column":15},"end":{"line":27,"column":null}},"14":{"start":{"line":29,"column":4},"end":{"line":29,"column":77}},"15":{"start":{"line":29,"column":13},"end":{"line":29,"column":77}},"16":{"start":{"line":32,"column":7},"end":{"line":34,"column":31}},"17":{"start":{"line":35,"column":18},"end":{"line":35,"column":57}},"18":{"start":{"line":39,"column":6},"end":{"line":41,"column":23}},"19":{"start":{"line":42,"column":4},"end":{"line":42,"column":77}},"20":{"start":{"line":42,"column":42},"end":{"line":42,"column":77}},"21":{"start":{"line":44,"column":4},"end":{"line":44,"column":44}},"22":{"start":{"line":46,"column":4},"end":{"line":46,"column":46}},"23":{"start":{"line":47,"column":4},"end":{"line":49,"column":57}},"24":{"start":{"line":58,"column":2},"end":{"line":98,"column":3}},"25":{"start":{"line":60,"column":18},"end":{"line":63,"column":null}},"26":{"start":{"line":65,"column":4},"end":{"line":67,"column":5}},"27":{"start":{"line":66,"column":6},"end":{"line":66,"column":72}},"28":{"start":{"line":69,"column":19},"end":{"line":69,"column":49}},"29":{"start":{"line":71,"column":17},"end":{"line":71,"column":40}},"30":{"start":{"line":73,"column":17},"end":{"line":77,"column":null}},"31":{"start":{"line":81,"column":7},"end":{"line":83,"column":31}},"32":{"start":{"line":84,"column":18},"end":{"line":84,"column":57}},"33":{"start":{"line":87,"column":6},"end":{"line":89,"column":23}},"34":{"start":{"line":90,"column":4},"end":{"line":90,"column":77}},"35":{"start":{"line":90,"column":42},"end":{"line":90,"column":77}},"36":{"start":{"line":92,"column":4},"end":{"line":92,"column":56}},"37":{"start":{"line":94,"column":4},"end":{"line":94,"column":49}},"38":{"start":{"line":95,"column":4},"end":{"line":97,"column":64}},"39":{"start":{"line":105,"column":2},"end":{"line":114,"column":3}},"40":{"start":{"line":107,"column":18},"end":{"line":107,"column":34}},"41":{"start":{"line":108,"column":4},"end":{"line":108,"column":77}},"42":{"start":{"line":108,"column":15},"end":{"line":108,"column":77}},"43":{"start":{"line":110,"column":4},"end":{"line":110,"column":30}},"44":{"start":{"line":112,"column":4},"end":{"line":112,"column":43}},"45":{"start":{"line":113,"column":4},"end":{"line":113,"column":77}}},"fnMap":{"0":{"name":"loginHandler","decl":{"start":{"line":19,"column":22},"end":{"line":19,"column":34}},"loc":{"start":{"line":19,"column":62},"end":{"line":51,"column":1}}},"1":{"name":"registerHandler","decl":{"start":{"line":57,"column":22},"end":{"line":57,"column":37}},"loc":{"start":{"line":57,"column":65},"end":{"line":99,"column":1}}},"2":{"name":"meHandler","decl":{"start":{"line":104,"column":22},"end":{"line":104,"column":31}},"loc":{"start":{"line":104,"column":59},"end":{"line":115,"column":1}}}},"branchMap":{"0":{"loc":{"start":{"line":23,"column":4},"end":{"line":23,"column":79}},"type":"if","locations":[{"start":{"line":23,"column":4},"end":{"line":23,"column":79}},{"start":{},"end":{}}]},"1":{"loc":{"start":{"line":29,"column":4},"end":{"line":29,"column":77}},"type":"if","locations":[{"start":{"line":29,"column":4},"end":{"line":29,"column":77}},{"start":{},"end":{}}]},"2":{"loc":{"start":{"line":32,"column":7},"end":{"line":34,"column":31}},"type":"binary-expr","locations":[{"start":{"line":32,"column":7},"end":{"line":32,"column":37}},{"start":{"line":33,"column":7},"end":{"line":33,"column":22}},{"start":{"line":34,"column":6},"end":{"line":34,"column":31}}]},"3":{"loc":{"start":{"line":39,"column":6},"end":{"line":41,"column":23}},"type":"cond-expr","locations":[{"start":{"line":40,"column":11},"end":{"line":40,"column":34}},{"start":{"line":41,"column":11},"end":{"line":41,"column":23}}]},"4":{"loc":{"start":{"line":42,"column":4},"end":{"line":42,"column":77}},"type":"if","locations":[{"start":{"line":42,"column":4},"end":{"line":42,"column":77}},{"start":{},"end":{}}]},"5":{"loc":{"start":{"line":42,"column":8},"end":{"line":42,"column":40}},"type":"binary-expr","locations":[{"start":{"line":42,"column":8},"end":{"line":42,"column":13}},{"start":{"line":42,"column":17},"end":{"line":42,"column":40}}]},"6":{"loc":{"start":{"line":48,"column":14},"end":{"line":48,"column":32}},"type":"binary-expr","locations":[{"start":{"line":48,"column":14},"end":{"line":48,"column":25}},{"start":{"line":48,"column":29},"end":{"line":48,"column":32}}]},"7":{"loc":{"start":{"line":49,"column":23},"end":{"line":49,"column":53}},"type":"binary-expr","locations":[{"start":{"line":49,"column":23},"end":{"line":49,"column":35}},{"start":{"line":49,"column":39},"end":{"line":49,"column":53}}]},"8":{"loc":{"start":{"line":61,"column":7},"end":{"line":63,"column":15}},"type":"binary-expr","locations":[{"start":{"line":61,"column":7},"end":{"line":61,"column":40}},{"start":{"line":62,"column":8},"end":{"line":62,"column":38}},{"start":{"line":63,"column":8},"end":{"line":63,"column":15}}]},"9":{"loc":{"start":{"line":65,"column":4},"end":{"line":67,"column":5}},"type":"if","locations":[{"start":{"line":65,"column":4},"end":{"line":67,"column":5}},{"start":{},"end":{}}]},"10":{"loc":{"start":{"line":71,"column":17},"end":{"line":71,"column":40}},"type":"binary-expr","locations":[{"start":{"line":71,"column":17},"end":{"line":71,"column":28}},{"start":{"line":71,"column":32},"end":{"line":71,"column":40}}]},"11":{"loc":{"start":{"line":81,"column":7},"end":{"line":83,"column":31}},"type":"binary-expr","locations":[{"start":{"line":81,"column":7},"end":{"line":81,"column":37}},{"start":{"line":82,"column":7},"end":{"line":82,"column":22}},{"start":{"line":83,"column":6},"end":{"line":83,"column":31}}]},"12":{"loc":{"start":{"line":87,"column":6},"end":{"line":89,"column":23}},"type":"cond-expr","locations":[{"start":{"line":88,"column":11},"end":{"line":88,"column":34}},{"start":{"line":89,"column":11},"end":{"line":89,"column":23}}]},"13":{"loc":{"start":{"line":90,"column":4},"end":{"line":90,"column":77}},"type":"if","locations":[{"start":{"line":90,"column":4},"end":{"line":90,"column":77}},{"start":{},"end":{}}]},"14":{"loc":{"start":{"line":90,"column":8},"end":{"line":90,"column":40}},"type":"binary-expr","locations":[{"start":{"line":90,"column":8},"end":{"line":90,"column":13}},{"start":{"line":90,"column":17},"end":{"line":90,"column":40}}]},"15":{"loc":{"start":{"line":96,"column":14},"end":{"line":96,"column":32}},"type":"binary-expr","locations":[{"start":{"line":96,"column":14},"end":{"line":96,"column":25}},{"start":{"line":96,"column":29},"end":{"line":96,"column":32}}]},"16":{"loc":{"start":{"line":97,"column":23},"end":{"line":97,"column":60}},"type":"binary-expr","locations":[{"start":{"line":97,"column":23},"end":{"line":97,"column":35}},{"start":{"line":97,"column":39},"end":{"line":97,"column":60}}]},"17":{"loc":{"start":{"line":108,"column":4},"end":{"line":108,"column":77}},"type":"if","locations":[{"start":{"line":108,"column":4},"end":{"line":108,"column":77}},{"start":{},"end":{}}]}},"s":{"0":4,"1":4,"2":4,"3":4,"4":4,"5":4,"6":4,"7":4,"8":0,"9":0,"10":0,"11":0,"12":0,"13":0,"14":0,"15":0,"16":0,"17":0,"18":0,"19":0,"20":0,"21":0,"22":0,"23":0,"24":0,"25":0,"26":0,"27":0,"28":0,"29":0,"30":0,"31":0,"32":0,"33":0,"34":0,"35":0,"36":0,"37":0,"38":0,"39":0,"40":0,"41":0,"42":0,"43":0,"44":0,"45":0},"f":{"0":0,"1":0,"2":0},"b":{"0":[0,0],"1":[0,0],"2":[0,0,0],"3":[0,0],"4":[0,0],"5":[0,0],"6":[0,0],"7":[0,0],"8":[0,0,0],"9":[0,0],"10":[0,0],"11":[0,0,0],"12":[0,0],"13":[0,0],"14":[0,0],"15":[0,0],"16":[0,0],"17":[0,0]}}
,"D:\\FullStackProject\\CMSWebsite\\cms-backend\\src\\controllers\\cli.controller.ts": {"path":"D:\\FullStackProject\\CMSWebsite\\cms-backend\\src\\controllers\\cli.controller.ts","statementMap":{"0":{"start":{"line":27,"column":0},"end":{"line":27,"column":7}},"1":{"start":{"line":3,"column":0},"end":{"line":3,"column":68}},"2":{"start":{"line":28,"column":19},"end":{"line":28,"column":39}},"3":{"start":{"line":29,"column":2},"end":{"line":65,"column":3}},"4":{"start":{"line":30,"column":17},"end":{"line":30,"column":25}},"5":{"start":{"line":31,"column":24},"end":{"line":31,"column":52}},"6":{"start":{"line":32,"column":4},"end":{"line":35,"column":9}},"7":{"start":{"line":33,"column":6},"end":{"line":35,"column":9}},"8":{"start":{"line":39,"column":4},"end":{"line":47,"column":5}},"9":{"start":{"line":40,"column":6},"end":{"line":40,"column":33}},"10":{"start":{"line":42,"column":6},"end":{"line":42,"column":79}},"11":{"start":{"line":44,"column":6},"end":{"line":46,"column":63}},"12":{"start":{"line":49,"column":4},"end":{"line":49,"column":74}},"13":{"start":{"line":50,"column":19},"end":{"line":50,"column":53}},"14":{"start":{"line":51,"column":4},"end":{"line":51,"column":54}},"15":{"start":{"line":54,"column":4},"end":{"line":61,"column":6}},"16":{"start":{"line":62,"column":4},"end":{"line":64,"column":62}}},"fnMap":{"0":{"name":"adminCliHandler","decl":{"start":{"line":27,"column":22},"end":{"line":27,"column":37}},"loc":{"start":{"line":27,"column":65},"end":{"line":66,"column":1}}}},"branchMap":{"0":{"loc":{"start":{"line":31,"column":24},"end":{"line":31,"column":52}},"type":"binary-expr","locations":[{"start":{"line":31,"column":25},"end":{"line":31,"column":29}},{"start":{"line":31,"column":33},"end":{"line":31,"column":45}},{"start":{"line":31,"column":50},"end":{"line":31,"column":52}}]},"1":{"loc":{"start":{"line":32,"column":4},"end":{"line":35,"column":9}},"type":"if","locations":[{"start":{"line":32,"column":4},"end":{"line":35,"column":9}},{"start":{},"end":{}}]},"2":{"loc":{"start":{"line":45,"column":16},"end":{"line":45,"column":38}},"type":"binary-expr","locations":[{"start":{"line":45,"column":16},"end":{"line":45,"column":31}},{"start":{"line":45,"column":35},"end":{"line":45,"column":38}}]},"3":{"loc":{"start":{"line":46,"column":25},"end":{"line":46,"column":59}},"type":"binary-expr","locations":[{"start":{"line":46,"column":25},"end":{"line":46,"column":41}},{"start":{"line":46,"column":45},"end":{"line":46,"column":59}}]},"4":{"loc":{"start":{"line":60,"column":6},"end":{"line":60,"column":31}},"type":"binary-expr","locations":[{"start":{"line":60,"column":6},"end":{"line":60,"column":9}},{"start":{"line":60,"column":14},"end":{"line":60,"column":23}},{"start":{"line":60,"column":27},"end":{"line":60,"column":30}}]},"5":{"loc":{"start":{"line":63,"column":14},"end":{"line":63,"column":31}},"type":"binary-expr","locations":[{"start":{"line":63,"column":14},"end":{"line":63,"column":24}},{"start":{"line":63,"column":28},"end":{"line":63,"column":31}}]},"6":{"loc":{"start":{"line":64,"column":23},"end":{"line":64,"column":58}},"type":"binary-expr","locations":[{"start":{"line":64,"column":23},"end":{"line":64,"column":34}},{"start":{"line":64,"column":38},"end":{"line":64,"column":58}}]}},"s":{"0":4,"1":4,"2":0,"3":0,"4":0,"5":0,"6":0,"7":0,"8":0,"9":0,"10":0,"11":0,"12":0,"13":0,"14":0,"15":0,"16":0},"f":{"0":0},"b":{"0":[0,0,0],"1":[0,0],"2":[0,0],"3":[0,0],"4":[0,0,0],"5":[0,0],"6":[0,0]}}
,"D:\\FullStackProject\\CMSWebsite\\cms-backend\\src\\controllers\\component.controller.ts": {"path":"D:\\FullStackProject\\CMSWebsite\\cms-backend\\src\\controllers\\component.controller.ts","statementMap":{"0":{"start":{"line":9,"column":0},"end":{"line":9,"column":7}},"1":{"start":{"line":22,"column":0},"end":{"line":22,"column":7}},"2":{"start":{"line":3,"column":0},"end":{"line":3,"column":66}},"3":{"start":{"line":4,"column":0},"end":{"line":4,"column":34}},"4":{"start":{"line":10,"column":2},"end":{"line":16,"column":3}},"5":{"start":{"line":11,"column":18},"end":{"line":11,"column":57}},"6":{"start":{"line":12,"column":4},"end":{"line":12,"column":52}},"7":{"start":{"line":14,"column":4},"end":{"line":14,"column":52}},"8":{"start":{"line":15,"column":4},"end":{"line":15,"column":74}},"9":{"start":{"line":23,"column":2},"end":{"line":57,"column":3}},"10":{"start":{"line":24,"column":19},"end":{"line":30,"column":6}},"11":{"start":{"line":31,"column":19},"end":{"line":31,"column":41}},"12":{"start":{"line":34,"column":25},"end":{"line":40,"column":6}},"13":{"start":{"line":42,"column":17},"end":{"line":42,"column":64}},"14":{"start":{"line":43,"column":4},"end":{"line":43,"column":38}},"15":{"start":{"line":45,"column":4},"end":{"line":53,"column":5}},"16":{"start":{"line":47,"column":8},"end":{"line":51,"column":16}},"17":{"start":{"line":49,"column":12},"end":{"line":49,"column":74}},"18":{"start":{"line":50,"column":10},"end":{"line":50,"column":60}},"19":{"start":{"line":52,"column":6},"end":{"line":52,"column":74}},"20":{"start":{"line":54,"column":4},"end":{"line":56,"column":57}}},"fnMap":{"0":{"name":"adminListComponents","decl":{"start":{"line":9,"column":22},"end":{"line":9,"column":41}},"loc":{"start":{"line":9,"column":69},"end":{"line":17,"column":1}}},"1":{"name":"adminCreateComponent","decl":{"start":{"line":22,"column":22},"end":{"line":22,"column":42}},"loc":{"start":{"line":22,"column":70},"end":{"line":58,"column":1}}},"2":{"name":"(anonymous_11)","decl":{"start":{"line":47,"column":24},"end":{"line":47,"column":25}},"loc":{"start":{"line":47,"column":30},"end":{"line":51,"column":9}}}},"branchMap":{"0":{"loc":{"start":{"line":37,"column":19},"end":{"line":37,"column":45}},"type":"binary-expr","locations":[{"start":{"line":37,"column":19},"end":{"line":37,"column":37}},{"start":{"line":37,"column":41},"end":{"line":37,"column":45}}]},"1":{"loc":{"start":{"line":45,"column":4},"end":{"line":53,"column":5}},"type":"if","locations":[{"start":{"line":45,"column":4},"end":{"line":53,"column":5}},{"start":{},"end":{}}]},"2":{"loc":{"start":{"line":47,"column":8},"end":{"line":51,"column":16}},"type":"binary-expr","locations":[{"start":{"line":47,"column":8},"end":{"line":51,"column":10}},{"start":{"line":51,"column":14},"end":{"line":51,"column":16}}]},"3":{"loc":{"start":{"line":49,"column":12},"end":{"line":49,"column":74}},"type":"cond-expr","locations":[{"start":{"line":49,"column":53},"end":{"line":49,"column":69}},{"start":{"line":49,"column":72},"end":{"line":49,"column":74}}]},"4":{"loc":{"start":{"line":49,"column":12},"end":{"line":49,"column":50}},"type":"binary-expr","locations":[{"start":{"line":49,"column":12},"end":{"line":49,"column":33}},{"start":{"line":49,"column":37},"end":{"line":49,"column":50}}]},"5":{"loc":{"start":{"line":50,"column":17},"end":{"line":50,"column":59}},"type":"cond-expr","locations":[{"start":{"line":50,"column":24},"end":{"line":50,"column":47}},{"start":{"line":50,"column":50},"end":{"line":50,"column":59}}]},"6":{"loc":{"start":{"line":55,"column":14},"end":{"line":55,"column":31}},"type":"binary-expr","locations":[{"start":{"line":55,"column":14},"end":{"line":55,"column":24}},{"start":{"line":55,"column":28},"end":{"line":55,"column":31}}]},"7":{"loc":{"start":{"line":56,"column":23},"end":{"line":56,"column":53}},"type":"binary-expr","locations":[{"start":{"line":56,"column":23},"end":{"line":56,"column":34}},{"start":{"line":56,"column":38},"end":{"line":56,"column":53}}]}},"s":{"0":4,"1":4,"2":4,"3":4,"4":1,"5":1,"6":1,"7":0,"8":0,"9":0,"10":0,"11":0,"12":0,"13":0,"14":0,"15":0,"16":0,"17":0,"18":0,"19":0,"20":0},"f":{"0":1,"1":0,"2":0},"b":{"0":[0,0],"1":[0,0],"2":[0,0],"3":[0,0],"4":[0,0],"5":[0,0],"6":[0,0],"7":[0,0]}}
,"D:\\FullStackProject\\CMSWebsite\\cms-backend\\src\\controllers\\pages.controller.ts": {"path":"D:\\FullStackProject\\CMSWebsite\\cms-backend\\src\\controllers\\pages.controller.ts","statementMap":{"0":{"start":{"line":10,"column":0},"end":{"line":10,"column":7}},"1":{"start":{"line":24,"column":0},"end":{"line":24,"column":7}},"2":{"start":{"line":68,"column":0},"end":{"line":68,"column":7}},"3":{"start":{"line":114,"column":0},"end":{"line":114,"column":7}},"4":{"start":{"line":130,"column":0},"end":{"line":130,"column":7}},"5":{"start":{"line":145,"column":0},"end":{"line":145,"column":7}},"6":{"start":{"line":161,"column":0},"end":{"line":161,"column":7}},"7":{"start":{"line":179,"column":0},"end":{"line":179,"column":7}},"8":{"start":{"line":3,"column":0},"end":{"line":3,"column":56}},"9":{"start":{"line":4,"column":0},"end":{"line":4,"column":34}},"10":{"start":{"line":11,"column":17},"end":{"line":11,"column":54}},"11":{"start":{"line":12,"column":17},"end":{"line":12,"column":40}},"12":{"start":{"line":13,"column":15},"end":{"line":13,"column":26}},"13":{"start":{"line":14,"column":15},"end":{"line":14,"column":59}},"14":{"start":{"line":15,"column":2},"end":{"line":15,"column":72}},"15":{"start":{"line":15,"column":13},"end":{"line":15,"column":72}},"16":{"start":{"line":16,"column":2},"end":{"line":16,"column":24}},"17":{"start":{"line":25,"column":2},"end":{"line":62,"column":3}},"18":{"start":{"line":26,"column":25},"end":{"line":33,"column":6}},"19":{"start":{"line":34,"column":19},"end":{"line":34,"column":47}},"20":{"start":{"line":37,"column":20},"end":{"line":44,"column":15}},"21":{"start":{"line":46,"column":20},"end":{"line":46,"column":40}},"22":{"start":{"line":47,"column":17},"end":{"line":47,"column":69}},"23":{"start":{"line":48,"column":4},"end":{"line":48,"column":38}},"24":{"start":{"line":50,"column":4},"end":{"line":58,"column":5}},"25":{"start":{"line":52,"column":8},"end":{"line":56,"column":16}},"26":{"start":{"line":54,"column":12},"end":{"line":54,"column":74}},"27":{"start":{"line":55,"column":10},"end":{"line":55,"column":60}},"28":{"start":{"line":57,"column":6},"end":{"line":57,"column":76}},"29":{"start":{"line":59,"column":4},"end":{"line":61,"column":57}},"30":{"start":{"line":69,"column":2},"end":{"line":108,"column":3}},"31":{"start":{"line":70,"column":19},"end":{"line":77,"column":6}},"32":{"start":{"line":78,"column":19},"end":{"line":78,"column":41}},"33":{"start":{"line":81,"column":20},"end":{"line":89,"column":13}},"34":{"start":{"line":91,"column":19},"end":{"line":91,"column":32}},"35":{"start":{"line":92,"column":20},"end":{"line":92,"column":40}},"36":{"start":{"line":93,"column":17},"end":{"line":93,"column":70}},"37":{"start":{"line":94,"column":4},"end":{"line":94,"column":26}},"38":{"start":{"line":96,"column":4},"end":{"line":104,"column":5}},"39":{"start":{"line":98,"column":8},"end":{"line":102,"column":16}},"40":{"start":{"line":100,"column":12},"end":{"line":100,"column":74}},"41":{"start":{"line":101,"column":10},"end":{"line":101,"column":60}},"42":{"start":{"line":103,"column":6},"end":{"line":103,"column":76}},"43":{"start":{"line":105,"column":4},"end":{"line":107,"column":57}},"44":{"start":{"line":115,"column":2},"end":{"line":124,"column":3}},"45":{"start":{"line":116,"column":19},"end":{"line":116,"column":32}},"46":{"start":{"line":117,"column":20},"end":{"line":117,"column":40}},"47":{"start":{"line":118,"column":17},"end":{"line":118,"column":62}},"48":{"start":{"line":119,"column":4},"end":{"line":119,"column":26}},"49":{"start":{"line":121,"column":4},"end":{"line":123,"column":58}},"50":{"start":{"line":131,"column":2},"end":{"line":139,"column":3}},"51":{"start":{"line":132,"column":20},"end":{"line":132,"column":60}},"52":{"start":{"line":133,"column":17},"end":{"line":133,"column":44}},"53":{"start":{"line":134,"column":18},"end":{"line":134,"column":47}},"54":{"start":{"line":135,"column":18},"end":{"line":135,"column":70}},"55":{"start":{"line":136,"column":4},"end":{"line":136,"column":59}},"56":{"start":{"line":138,"column":4},"end":{"line":138,"column":69}},"57":{"start":{"line":146,"column":2},"end":{"line":155,"column":3}},"58":{"start":{"line":147,"column":19},"end":{"line":147,"column":32}},"59":{"start":{"line":148,"column":17},"end":{"line":150,"column":13}},"60":{"start":{"line":148,"column":24},"end":{"line":148,"column":54}},"61":{"start":{"line":151,"column":4},"end":{"line":151,"column":74}},"62":{"start":{"line":151,"column":15},"end":{"line":151,"column":74}},"63":{"start":{"line":152,"column":4},"end":{"line":152,"column":26}},"64":{"start":{"line":154,"column":4},"end":{"line":154,"column":67}},"65":{"start":{"line":162,"column":2},"end":{"line":173,"column":3}},"66":{"start":{"line":163,"column":19},"end":{"line":163,"column":32}},"67":{"start":{"line":164,"column":17},"end":{"line":164,"column":44}},"68":{"start":{"line":165,"column":18},"end":{"line":165,"column":47}},"69":{"start":{"line":166,"column":21},"end":{"line":169,"column":6}},"70":{"start":{"line":170,"column":4},"end":{"line":170,"column":65}},"71":{"start":{"line":172,"column":4},"end":{"line":172,"column":72}},"72":{"start":{"line":180,"column":2},"end":{"line":194,"column":3}},"73":{"start":{"line":181,"column":19},"end":{"line":181,"column":32}},"74":{"start":{"line":182,"column":22},"end":{"line":182,"column":42}},"75":{"start":{"line":183,"column":20},"end":{"line":183,"column":40}},"76":{"start":{"line":184,"column":17},"end":{"line":187,"column":null}},"77":{"start":{"line":189,"column":4},"end":{"line":189,"column":26}},"78":{"start":{"line":191,"column":4},"end":{"line":193,"column":58}}},"fnMap":{"0":{"name":"resolveHandler","decl":{"start":{"line":10,"column":22},"end":{"line":10,"column":36}},"loc":{"start":{"line":10,"column":64},"end":{"line":17,"column":1}}},"1":{"name":"adminCreatePageHandler","decl":{"start":{"line":24,"column":22},"end":{"line":24,"column":44}},"loc":{"start":{"line":24,"column":72},"end":{"line":63,"column":1}}},"2":{"name":"(anonymous_11)","decl":{"start":{"line":52,"column":24},"end":{"line":52,"column":25}},"loc":{"start":{"line":52,"column":30},"end":{"line":56,"column":9}}},"3":{"name":"adminUpdatePageHandler","decl":{"start":{"line":68,"column":22},"end":{"line":68,"column":44}},"loc":{"start":{"line":68,"column":72},"end":{"line":109,"column":1}}},"4":{"name":"(anonymous_13)","decl":{"start":{"line":98,"column":24},"end":{"line":98,"column":25}},"loc":{"start":{"line":98,"column":30},"end":{"line":102,"column":9}}},"5":{"name":"adminPublishPageHandler","decl":{"start":{"line":114,"column":22},"end":{"line":114,"column":45}},"loc":{"start":{"line":114,"column":73},"end":{"line":125,"column":1}}},"6":{"name":"adminListPagesHandler","decl":{"start":{"line":130,"column":22},"end":{"line":130,"column":43}},"loc":{"start":{"line":130,"column":71},"end":{"line":140,"column":1}}},"7":{"name":"adminGetPageHandler","decl":{"start":{"line":145,"column":22},"end":{"line":145,"column":41}},"loc":{"start":{"line":145,"column":69},"end":{"line":156,"column":1}}},"8":{"name":"(anonymous_17)","decl":{"start":{"line":148,"column":24},"end":{"line":148,"column":37}},"loc":{"start":{"line":148,"column":24},"end":{"line":148,"column":54}}},"9":{"name":"adminListVersionsHandler","decl":{"start":{"line":161,"column":22},"end":{"line":161,"column":46}},"loc":{"start":{"line":161,"column":74},"end":{"line":174,"column":1}}},"10":{"name":"adminRestoreVersionHandler","decl":{"start":{"line":179,"column":22},"end":{"line":179,"column":48}},"loc":{"start":{"line":179,"column":76},"end":{"line":195,"column":1}}}},"branchMap":{"0":{"loc":{"start":{"line":15,"column":2},"end":{"line":15,"column":72}},"type":"if","locations":[{"start":{"line":15,"column":2},"end":{"line":15,"column":72}},{"start":{},"end":{}}]},"1":{"loc":{"start":{"line":41,"column":14},"end":{"line":41,"column":38}},"type":"binary-expr","locations":[{"start":{"line":41,"column":14},"end":{"line":41,"column":27}},{"start":{"line":41,"column":31},"end":{"line":41,"column":38}}]},"2":{"loc":{"start":{"line":42,"column":14},"end":{"line":42,"column":33}},"type":"binary-expr","locations":[{"start":{"line":42,"column":14},"end":{"line":42,"column":27}},{"start":{"line":42,"column":31},"end":{"line":42,"column":33}}]},"3":{"loc":{"start":{"line":50,"column":4},"end":{"line":58,"column":5}},"type":"if","locations":[{"start":{"line":50,"column":4},"end":{"line":58,"column":5}},{"start":{},"end":{}}]},"4":{"loc":{"start":{"line":52,"column":8},"end":{"line":56,"column":16}},"type":"binary-expr","locations":[{"start":{"line":52,"column":8},"end":{"line":56,"column":10}},{"start":{"line":56,"column":14},"end":{"line":56,"column":16}}]},"5":{"loc":{"start":{"line":54,"column":12},"end":{"line":54,"column":74}},"type":"cond-expr","locations":[{"start":{"line":54,"column":53},"end":{"line":54,"column":69}},{"start":{"line":54,"column":72},"end":{"line":54,"column":74}}]},"6":{"loc":{"start":{"line":54,"column":12},"end":{"line":54,"column":50}},"type":"binary-expr","locations":[{"start":{"line":54,"column":12},"end":{"line":54,"column":33}},{"start":{"line":54,"column":37},"end":{"line":54,"column":50}}]},"7":{"loc":{"start":{"line":55,"column":17},"end":{"line":55,"column":59}},"type":"cond-expr","locations":[{"start":{"line":55,"column":24},"end":{"line":55,"column":47}},{"start":{"line":55,"column":50},"end":{"line":55,"column":59}}]},"8":{"loc":{"start":{"line":60,"column":14},"end":{"line":60,"column":31}},"type":"binary-expr","locations":[{"start":{"line":60,"column":14},"end":{"line":60,"column":24}},{"start":{"line":60,"column":28},"end":{"line":60,"column":31}}]},"9":{"loc":{"start":{"line":61,"column":23},"end":{"line":61,"column":53}},"type":"binary-expr","locations":[{"start":{"line":61,"column":23},"end":{"line":61,"column":34}},{"start":{"line":61,"column":38},"end":{"line":61,"column":53}}]},"10":{"loc":{"start":{"line":83,"column":10},"end":{"line":83,"column":64}},"type":"cond-expr","locations":[{"start":{"line":83,"column":38},"end":{"line":83,"column":59}},{"start":{"line":83,"column":62},"end":{"line":83,"column":64}}]},"11":{"loc":{"start":{"line":84,"column":10},"end":{"line":84,"column":64}},"type":"cond-expr","locations":[{"start":{"line":84,"column":38},"end":{"line":84,"column":59}},{"start":{"line":84,"column":62},"end":{"line":84,"column":64}}]},"12":{"loc":{"start":{"line":85,"column":10},"end":{"line":85,"column":67}},"type":"cond-expr","locations":[{"start":{"line":85,"column":39},"end":{"line":85,"column":62}},{"start":{"line":85,"column":65},"end":{"line":85,"column":67}}]},"13":{"loc":{"start":{"line":86,"column":14},"end":{"line":86,"column":40}},"type":"binary-expr","locations":[{"start":{"line":86,"column":14},"end":{"line":86,"column":27}},{"start":{"line":86,"column":31},"end":{"line":86,"column":40}}]},"14":{"loc":{"start":{"line":87,"column":14},"end":{"line":87,"column":40}},"type":"binary-expr","locations":[{"start":{"line":87,"column":14},"end":{"line":87,"column":27}},{"start":{"line":87,"column":31},"end":{"line":87,"column":40}}]},"15":{"loc":{"start":{"line":88,"column":11},"end":{"line":88,"column":34}},"type":"binary-expr","locations":[{"start":{"line":88,"column":11},"end":{"line":88,"column":21}},{"start":{"line":88,"column":25},"end":{"line":88,"column":34}}]},"16":{"loc":{"start":{"line":96,"column":4},"end":{"line":104,"column":5}},"type":"if","locations":[{"start":{"line":96,"column":4},"end":{"line":104,"column":5}},{"start":{},"end":{}}]},"17":{"loc":{"start":{"line":98,"column":8},"end":{"line":102,"column":16}},"type":"binary-expr","locations":[{"start":{"line":98,"column":8},"end":{"line":102,"column":10}},{"start":{"line":102,"column":14},"end":{"line":102,"column":16}}]},"18":{"loc":{"start":{"line":100,"column":12},"end":{"line":100,"column":74}},"type":"cond-expr","locations":[{"start":{"line":100,"column":53},"end":{"line":100,"column":69}},{"start":{"line":100,"column":72},"end":{"line":100,"column":74}}]},"19":{"loc":{"start":{"line":100,"column":12},"end":{"line":100,"column":50}},"type":"binary-expr","locations":[{"start":{"line":100,"column":12},"end":{"line":100,"column":33}},{"start":{"line":100,"column":37},"end":{"line":100,"column":50}}]},"20":{"loc":{"start":{"line":101,"column":17},"end":{"line":101,"column":59}},"type":"cond-expr","locations":[{"start":{"line":101,"column":24},"end":{"line":101,"column":47}},{"start":{"line":101,"column":50},"end":{"line":101,"column":59}}]},"21":{"loc":{"start":{"line":106,"column":14},"end":{"line":106,"column":31}},"type":"binary-expr","locations":[{"start":{"line":106,"column":14},"end":{"line":106,"column":24}},{"start":{"line":106,"column":28},"end":{"line":106,"column":31}}]},"22":{"loc":{"start":{"line":107,"column":23},"end":{"line":107,"column":53}},"type":"binary-expr","locations":[{"start":{"line":107,"column":23},"end":{"line":107,"column":34}},{"start":{"line":107,"column":38},"end":{"line":107,"column":53}}]},"23":{"loc":{"start":{"line":122,"column":14},"end":{"line":122,"column":31}},"type":"binary-expr","locations":[{"start":{"line":122,"column":14},"end":{"line":122,"column":24}},{"start":{"line":122,"column":28},"end":{"line":122,"column":31}}]},"24":{"loc":{"start":{"line":123,"column":23},"end":{"line":123,"column":54}},"type":"binary-expr","locations":[{"start":{"line":123,"column":23},"end":{"line":123,"column":34}},{"start":{"line":123,"column":38},"end":{"line":123,"column":54}}]},"25":{"loc":{"start":{"line":132,"column":20},"end":{"line":132,"column":60}},"type":"binary-expr","locations":[{"start":{"line":132,"column":20},"end":{"line":132,"column":47}},{"start":{"line":132,"column":51},"end":{"line":132,"column":60}}]},"26":{"loc":{"start":{"line":133,"column":24},"end":{"line":133,"column":43}},"type":"binary-expr","locations":[{"start":{"line":133,"column":24},"end":{"line":133,"column":38}},{"start":{"line":133,"column":42},"end":{"line":133,"column":43}}]},"27":{"loc":{"start":{"line":134,"column":25},"end":{"line":134,"column":46}},"type":"binary-expr","locations":[{"start":{"line":134,"column":25},"end":{"line":134,"column":40}},{"start":{"line":134,"column":44},"end":{"line":134,"column":46}}]},"28":{"loc":{"start":{"line":151,"column":4},"end":{"line":151,"column":74}},"type":"if","locations":[{"start":{"line":151,"column":4},"end":{"line":151,"column":74}},{"start":{},"end":{}}]},"29":{"loc":{"start":{"line":164,"column":24},"end":{"line":164,"column":43}},"type":"binary-expr","locations":[{"start":{"line":164,"column":24},"end":{"line":164,"column":38}},{"start":{"line":164,"column":42},"end":{"line":164,"column":43}}]},"30":{"loc":{"start":{"line":165,"column":25},"end":{"line":165,"column":46}},"type":"binary-expr","locations":[{"start":{"line":165,"column":25},"end":{"line":165,"column":40}},{"start":{"line":165,"column":44},"end":{"line":165,"column":46}}]},"31":{"loc":{"start":{"line":192,"column":14},"end":{"line":192,"column":31}},"type":"binary-expr","locations":[{"start":{"line":192,"column":14},"end":{"line":192,"column":24}},{"start":{"line":192,"column":28},"end":{"line":192,"column":31}}]},"32":{"loc":{"start":{"line":193,"column":23},"end":{"line":193,"column":54}},"type":"binary-expr","locations":[{"start":{"line":193,"column":23},"end":{"line":193,"column":34}},{"start":{"line":193,"column":38},"end":{"line":193,"column":54}}]}},"s":{"0":4,"1":4,"2":4,"3":4,"4":4,"5":4,"6":4,"7":4,"8":4,"9":4,"10":1,"11":1,"12":1,"13":1,"14":1,"15":0,"16":1,"17":0,"18":0,"19":0,"20":0,"21":0,"22":0,"23":0,"24":0,"25":0,"26":0,"27":0,"28":0,"29":0,"30":0,"31":0,"32":0,"33":0,"34":0,"35":0,"36":0,"37":0,"38":0,"39":0,"40":0,"41":0,"42":0,"43":0,"44":1,"45":1,"46":1,"47":1,"48":1,"49":0,"50":1,"51":1,"52":1,"53":1,"54":1,"55":1,"56":0,"57":0,"58":0,"59":0,"60":0,"61":0,"62":0,"63":0,"64":0,"65":0,"66":0,"67":0,"68":0,"69":0,"70":0,"71":0,"72":0,"73":0,"74":0,"75":0,"76":0,"77":0,"78":0},"f":{"0":1,"1":0,"2":0,"3":0,"4":0,"5":1,"6":1,"7":0,"8":0,"9":0,"10":0},"b":{"0":[0,1],"1":[0,0],"2":[0,0],"3":[0,0],"4":[0,0],"5":[0,0],"6":[0,0],"7":[0,0],"8":[0,0],"9":[0,0],"10":[0,0],"11":[0,0],"12":[0,0],"13":[0,0],"14":[0,0],"15":[0,0],"16":[0,0],"17":[0,0],"18":[0,0],"19":[0,0],"20":[0,0],"21":[0,0],"22":[0,0],"23":[0,0],"24":[0,0],"25":[1,1],"26":[1,1],"27":[1,1],"28":[0,0],"29":[0,0],"30":[0,0],"31":[0,0],"32":[0,0]}}
,"D:\\FullStackProject\\CMSWebsite\\cms-backend\\src\\middleware\\auditRequest.ts": {"path":"D:\\FullStackProject\\CMSWebsite\\cms-backend\\src\\middleware\\auditRequest.ts","statementMap":{"0":{"start":{"line":3,"column":0},"end":{"line":3,"column":61}},"1":{"start":{"line":5,"column":44},"end":{"line":32,"column":1}},"2":{"start":{"line":6,"column":2},"end":{"line":30,"column":3}},"3":{"start":{"line":7,"column":19},"end":{"line":7,"column":39}},"4":{"start":{"line":8,"column":17},"end":{"line":8,"column":32}},"5":{"start":{"line":9,"column":19},"end":{"line":9,"column":29}},"6":{"start":{"line":11,"column":4},"end":{"line":27,"column":5}},"7":{"start":{"line":12,"column":6},"end":{"line":26,"column":9}},"8":{"start":{"line":29,"column":4},"end":{"line":29,"column":53}},"9":{"start":{"line":31,"column":2},"end":{"line":31,"column":9}},"10":{"start":{"line":5,"column":13},"end":{"line":5,"column":44}}},"fnMap":{"0":{"name":"(anonymous_0)","decl":{"start":{"line":5,"column":44},"end":{"line":5,"column":49}},"loc":{"start":{"line":5,"column":69},"end":{"line":32,"column":1}}}},"branchMap":{"0":{"loc":{"start":{"line":11,"column":4},"end":{"line":27,"column":5}},"type":"if","locations":[{"start":{"line":11,"column":4},"end":{"line":27,"column":5}},{"start":{},"end":{}}]},"1":{"loc":{"start":{"line":20,"column":16},"end":{"line":24,"column":16}},"type":"cond-expr","locations":[{"start":{"line":21,"column":14},"end":{"line":23,"column":18}},{"start":{"line":24,"column":14},"end":{"line":24,"column":16}}]},"2":{"loc":{"start":{"line":21,"column":14},"end":{"line":23,"column":18}},"type":"cond-expr","locations":[{"start":{"line":22,"column":16},"end":{"line":22,"column":28}},{"start":{"line":23,"column":16},"end":{"line":23,"column":18}}]}},"s":{"0":4,"1":4,"2":6,"3":6,"4":6,"5":6,"6":6,"7":6,"8":0,"9":6,"10":4},"f":{"0":6},"b":{"0":[6,0],"1":[3,3],"2":[3,0]}}
,"D:\\FullStackProject\\CMSWebsite\\cms-backend\\src\\middleware\\auth.ts": {"path":"D:\\FullStackProject\\CMSWebsite\\cms-backend\\src\\middleware\\auth.ts","statementMap":{"0":{"start":{"line":53,"column":0},"end":{"line":53,"column":16}},"1":{"start":{"line":3,"column":0},"end":{"line":3,"column":31}},"2":{"start":{"line":4,"column":0},"end":{"line":4,"column":39}},"3":{"start":{"line":5,"column":0},"end":{"line":5,"column":31}},"4":{"start":{"line":10,"column":39},"end":{"line":47,"column":1}},"5":{"start":{"line":11,"column":21},"end":{"line":11,"column":46}},"6":{"start":{"line":12,"column":2},"end":{"line":16,"column":3}},"7":{"start":{"line":13,"column":4},"end":{"line":15,"column":68}},"8":{"start":{"line":18,"column":16},"end":{"line":18,"column":57}},"9":{"start":{"line":19,"column":2},"end":{"line":19,"column":72}},"10":{"start":{"line":19,"column":14},"end":{"line":19,"column":72}},"11":{"start":{"line":21,"column":17},"end":{"line":21,"column":58}},"12":{"start":{"line":23,"column":2},"end":{"line":27,"column":3}},"13":{"start":{"line":24,"column":4},"end":{"line":24,"column":47}},"14":{"start":{"line":26,"column":4},"end":{"line":26,"column":62}},"15":{"start":{"line":29,"column":17},"end":{"line":29,"column":52}},"16":{"start":{"line":30,"column":2},"end":{"line":31,"column":70}},"17":{"start":{"line":31,"column":4},"end":{"line":31,"column":70}},"18":{"start":{"line":33,"column":2},"end":{"line":46,"column":3}},"19":{"start":{"line":34,"column":17},"end":{"line":34,"column":65}},"20":{"start":{"line":35,"column":4},"end":{"line":35,"column":74}},"21":{"start":{"line":35,"column":15},"end":{"line":35,"column":74}},"22":{"start":{"line":37,"column":5},"end":{"line":37,"column":48}},"23":{"start":{"line":38,"column":5},"end":{"line":38,"column":77}},"24":{"start":{"line":39,"column":5},"end":{"line":39,"column":59}},"25":{"start":{"line":40,"column":5},"end":{"line":40,"column":54}},"26":{"start":{"line":42,"column":4},"end":{"line":42,"column":18}},"27":{"start":{"line":44,"column":4},"end":{"line":44,"column":48}},"28":{"start":{"line":45,"column":4},"end":{"line":45,"column":59}},"29":{"start":{"line":54,"column":21},"end":{"line":56,"column":21}},"30":{"start":{"line":58,"column":2},"end":{"line":68,"column":4}},"31":{"start":{"line":59,"column":18},"end":{"line":59,"column":34}},"32":{"start":{"line":60,"column":4},"end":{"line":60,"column":72}},"33":{"start":{"line":60,"column":15},"end":{"line":60,"column":72}},"34":{"start":{"line":62,"column":32},"end":{"line":62,"column":75}},"35":{"start":{"line":63,"column":16},"end":{"line":63,"column":61}},"36":{"start":{"line":63,"column":39},"end":{"line":63,"column":60}},"37":{"start":{"line":64,"column":4},"end":{"line":65,"column":79}},"38":{"start":{"line":65,"column":6},"end":{"line":65,"column":79}},"39":{"start":{"line":67,"column":4},"end":{"line":67,"column":18}},"40":{"start":{"line":71,"column":0},"end":{"line":71,"column":30}}},"fnMap":{"0":{"name":"(anonymous_1)","decl":{"start":{"line":10,"column":39},"end":{"line":10,"column":44}},"loc":{"start":{"line":10,"column":64},"end":{"line":47,"column":1}}},"1":{"name":"requireRole","decl":{"start":{"line":53,"column":16},"end":{"line":53,"column":27}},"loc":{"start":{"line":53,"column":60},"end":{"line":69,"column":1}}},"2":{"name":"(anonymous_3)","decl":{"start":{"line":58,"column":9},"end":{"line":58,"column":10}},"loc":{"start":{"line":58,"column":61},"end":{"line":68,"column":3}}},"3":{"name":"(anonymous_4)","decl":{"start":{"line":63,"column":32},"end":{"line":63,"column":33}},"loc":{"start":{"line":63,"column":39},"end":{"line":63,"column":60}}}},"branchMap":{"0":{"loc":{"start":{"line":12,"column":2},"end":{"line":16,"column":3}},"type":"if","locations":[{"start":{"line":12,"column":2},"end":{"line":16,"column":3}},{"start":{},"end":{}}]},"1":{"loc":{"start":{"line":12,"column":6},"end":{"line":12,"column":54}},"type":"binary-expr","locations":[{"start":{"line":12,"column":6},"end":{"line":12,"column":17}},{"start":{"line":12,"column":21},"end":{"line":12,"column":54}}]},"2":{"loc":{"start":{"line":19,"column":2},"end":{"line":19,"column":72}},"type":"if","locations":[{"start":{"line":19,"column":2},"end":{"line":19,"column":72}},{"start":{},"end":{}}]},"3":{"loc":{"start":{"line":21,"column":24},"end":{"line":21,"column":57}},"type":"binary-expr","locations":[{"start":{"line":21,"column":24},"end":{"line":21,"column":41}},{"start":{"line":21,"column":45},"end":{"line":21,"column":57}}]},"4":{"loc":{"start":{"line":29,"column":17},"end":{"line":29,"column":52}},"type":"binary-expr","locations":[{"start":{"line":29,"column":17},"end":{"line":29,"column":29}},{"start":{"line":29,"column":33},"end":{"line":29,"column":44}},{"start":{"line":29,"column":48},"end":{"line":29,"column":52}}]},"5":{"loc":{"start":{"line":30,"column":2},"end":{"line":31,"column":70}},"type":"if","locations":[{"start":{"line":30,"column":2},"end":{"line":31,"column":70}},{"start":{},"end":{}}]},"6":{"loc":{"start":{"line":35,"column":4},"end":{"line":35,"column":74}},"type":"if","locations":[{"start":{"line":35,"column":4},"end":{"line":35,"column":74}},{"start":{},"end":{}}]},"7":{"loc":{"start":{"line":37,"column":25},"end":{"line":37,"column":47}},"type":"binary-expr","locations":[{"start":{"line":37,"column":25},"end":{"line":37,"column":41}},{"start":{"line":37,"column":45},"end":{"line":37,"column":47}}]},"8":{"loc":{"start":{"line":38,"column":27},"end":{"line":38,"column":76}},"type":"cond-expr","locations":[{"start":{"line":38,"column":48},"end":{"line":38,"column":67}},{"start":{"line":38,"column":70},"end":{"line":38,"column":76}}]},"9":{"loc":{"start":{"line":39,"column":30},"end":{"line":39,"column":58}},"type":"cond-expr","locations":[{"start":{"line":39,"column":42},"end":{"line":39,"column":53}},{"start":{"line":39,"column":56},"end":{"line":39,"column":58}}]},"10":{"loc":{"start":{"line":40,"column":30},"end":{"line":40,"column":53}},"type":"binary-expr","locations":[{"start":{"line":40,"column":30},"end":{"line":40,"column":40}},{"start":{"line":40,"column":44},"end":{"line":40,"column":53}}]},"11":{"loc":{"start":{"line":54,"column":21},"end":{"line":56,"column":21}},"type":"cond-expr","locations":[{"start":{"line":55,"column":6},"end":{"line":55,"column":19}},{"start":{"line":56,"column":6},"end":{"line":56,"column":21}}]},"12":{"loc":{"start":{"line":60,"column":4},"end":{"line":60,"column":72}},"type":"if","locations":[{"start":{"line":60,"column":4},"end":{"line":60,"column":72}},{"start":{},"end":{}}]},"13":{"loc":{"start":{"line":62,"column":32},"end":{"line":62,"column":75}},"type":"cond-expr","locations":[{"start":{"line":62,"column":60},"end":{"line":62,"column":70}},{"start":{"line":62,"column":73},"end":{"line":62,"column":75}}]},"14":{"loc":{"start":{"line":64,"column":4},"end":{"line":65,"column":79}},"type":"if","locations":[{"start":{"line":64,"column":4},"end":{"line":65,"column":79}},{"start":{},"end":{}}]}},"s":{"0":4,"1":4,"2":4,"3":4,"4":4,"5":6,"6":6,"7":0,"8":6,"9":6,"10":0,"11":6,"12":6,"13":6,"14":0,"15":6,"16":6,"17":0,"18":6,"19":6,"20":6,"21":0,"22":6,"23":6,"24":6,"25":6,"26":6,"27":0,"28":0,"29":44,"30":44,"31":6,"32":6,"33":0,"34":6,"35":6,"36":6,"37":6,"38":0,"39":6,"40":4},"f":{"0":6,"1":44,"2":6,"3":6},"b":{"0":[0,6],"1":[6,6],"2":[0,6],"3":[6,0],"4":[6,0,0],"5":[0,6],"6":[0,6],"7":[6,6],"8":[6,0],"9":[6,0],"10":[6,0],"11":[0,44],"12":[0,6],"13":[6,0],"14":[0,6]}}
,"D:\\FullStackProject\\CMSWebsite\\cms-backend\\src\\middleware\\ensureBody.ts": {"path":"D:\\FullStackProject\\CMSWebsite\\cms-backend\\src\\middleware\\ensureBody.ts","statementMap":{"0":{"start":{"line":13,"column":0},"end":{"line":13,"column":16}},"1":{"start":{"line":19,"column":2},"end":{"line":21,"column":3}},"2":{"start":{"line":20,"column":4},"end":{"line":20,"column":18}},"3":{"start":{"line":24,"column":22},"end":{"line":24,"column":68}},"4":{"start":{"line":25,"column":2},"end":{"line":30,"column":3}},"5":{"start":{"line":26,"column":4},"end":{"line":29,"column":7}},"6":{"start":{"line":33,"column":2},"end":{"line":36,"column":5}}},"fnMap":{"0":{"name":"ensureJsonBody","decl":{"start":{"line":13,"column":16},"end":{"line":13,"column":30}},"loc":{"start":{"line":16,"column":20},"end":{"line":37,"column":1}}}},"branchMap":{"0":{"loc":{"start":{"line":19,"column":2},"end":{"line":21,"column":3}},"type":"if","locations":[{"start":{"line":19,"column":2},"end":{"line":21,"column":3}},{"start":{},"end":{}}]},"1":{"loc":{"start":{"line":19,"column":6},"end":{"line":19,"column":46}},"type":"binary-expr","locations":[{"start":{"line":19,"column":6},"end":{"line":19,"column":14}},{"start":{"line":19,"column":18},"end":{"line":19,"column":46}}]},"2":{"loc":{"start":{"line":24,"column":23},"end":{"line":24,"column":56}},"type":"binary-expr","locations":[{"start":{"line":24,"column":23},"end":{"line":24,"column":50}},{"start":{"line":24,"column":54},"end":{"line":24,"column":56}}]},"3":{"loc":{"start":{"line":25,"column":2},"end":{"line":30,"column":3}},"type":"if","locations":[{"start":{"line":25,"column":2},"end":{"line":30,"column":3}},{"start":{},"end":{}}]}},"s":{"0":4,"1":0,"2":0,"3":0,"4":0,"5":0,"6":0},"f":{"0":0},"b":{"0":[0,0],"1":[0,0],"2":[0,0],"3":[0,0]}}
,"D:\\FullStackProject\\CMSWebsite\\cms-backend\\src\\middleware\\security.middleware.ts": {"path":"D:\\FullStackProject\\CMSWebsite\\cms-backend\\src\\middleware\\security.middleware.ts","statementMap":{"0":{"start":{"line":101,"column":0},"end":{"line":101,"column":24}},"1":{"start":{"line":3,"column":0},"end":{"line":3,"column":28}},"2":{"start":{"line":4,"column":0},"end":{"line":4,"column":24}},"3":{"start":{"line":5,"column":0},"end":{"line":5,"column":43}},"4":{"start":{"line":6,"column":0},"end":{"line":6,"column":41}},"5":{"start":{"line":7,"column":0},"end":{"line":7,"column":31}},"6":{"start":{"line":8,"column":0},"end":{"line":8,"column":37}},"7":{"start":{"line":15,"column":2},"end":{"line":15,"column":52}},"8":{"start":{"line":15,"column":41},"end":{"line":15,"column":52}},"9":{"start":{"line":16,"column":2},"end":{"line":16,"column":42}},"10":{"start":{"line":16,"column":31},"end":{"line":16,"column":42}},"11":{"start":{"line":17,"column":2},"end":{"line":35,"column":3}},"12":{"start":{"line":18,"column":17},"end":{"line":18,"column":48}},"13":{"start":{"line":19,"column":18},"end":{"line":28,"column":5}},"14":{"start":{"line":20,"column":6},"end":{"line":20,"column":46}},"15":{"start":{"line":20,"column":39},"end":{"line":20,"column":46}},"16":{"start":{"line":21,"column":6},"end":{"line":27,"column":7}},"17":{"start":{"line":22,"column":8},"end":{"line":25,"column":9}},"18":{"start":{"line":23,"column":10},"end":{"line":23,"column":22}},"19":{"start":{"line":24,"column":10},"end":{"line":24,"column":19}},"20":{"start":{"line":26,"column":8},"end":{"line":26,"column":20}},"21":{"start":{"line":29,"column":4},"end":{"line":29,"column":16}},"22":{"start":{"line":30,"column":4},"end":{"line":30,"column":21}},"23":{"start":{"line":33,"column":4},"end":{"line":33,"column":58}},"24":{"start":{"line":34,"column":4},"end":{"line":34,"column":15}},"25":{"start":{"line":42,"column":42},"end":{"line":73,"column":1}},"26":{"start":{"line":43,"column":2},"end":{"line":71,"column":3}},"27":{"start":{"line":44,"column":4},"end":{"line":46,"column":5}},"28":{"start":{"line":45,"column":7},"end":{"line":45,"column":68}},"29":{"start":{"line":48,"column":4},"end":{"line":58,"column":5}},"30":{"start":{"line":49,"column":6},"end":{"line":51,"column":7}},"31":{"start":{"line":50,"column":9},"end":{"line":50,"column":72}},"32":{"start":{"line":54,"column":6},"end":{"line":57,"column":8}},"33":{"start":{"line":59,"column":4},"end":{"line":68,"column":5}},"34":{"start":{"line":60,"column":6},"end":{"line":62,"column":7}},"35":{"start":{"line":61,"column":9},"end":{"line":61,"column":74}},"36":{"start":{"line":64,"column":6},"end":{"line":67,"column":8}},"37":{"start":{"line":70,"column":4},"end":{"line":70,"column":53}},"38":{"start":{"line":72,"column":2},"end":{"line":72,"column":16}},"39":{"start":{"line":76,"column":20},"end":{"line":76,"column":64}},"40":{"start":{"line":77,"column":17},"end":{"line":77,"column":53}},"41":{"start":{"line":78,"column":20},"end":{"line":78,"column":58}},"42":{"start":{"line":80,"column":13},"end":{"line":85,"column":3}},"43":{"start":{"line":87,"column":13},"end":{"line":92,"column":3}},"44":{"start":{"line":94,"column":13},"end":{"line":99,"column":3}},"45":{"start":{"line":98,"column":17},"end":{"line":98,"column":20}},"46":{"start":{"line":102,"column":40},"end":{"line":102,"column":42}},"47":{"start":{"line":104,"column":2},"end":{"line":104,"column":58}},"48":{"start":{"line":106,"column":2},"end":{"line":111,"column":4}},"49":{"start":{"line":114,"column":2},"end":{"line":114,"column":38}},"50":{"start":{"line":116,"column":2},"end":{"line":116,"column":21}}},"fnMap":{"0":{"name":"cloneAndStripMongoKeys","decl":{"start":{"line":14,"column":9},"end":{"line":14,"column":31}},"loc":{"start":{"line":14,"column":47},"end":{"line":36,"column":1}}},"1":{"name":"(anonymous_2)","decl":{"start":{"line":19,"column":18},"end":{"line":19,"column":19}},"loc":{"start":{"line":19,"column":29},"end":{"line":28,"column":5}}},"2":{"name":"(anonymous_3)","decl":{"start":{"line":42,"column":42},"end":{"line":42,"column":43}},"loc":{"start":{"line":42,"column":62},"end":{"line":73,"column":1}}},"3":{"name":"(anonymous_4)","decl":{"start":{"line":98,"column":11},"end":{"line":98,"column":14}},"loc":{"start":{"line":98,"column":17},"end":{"line":98,"column":20}}},"4":{"name":"securityMiddleware","decl":{"start":{"line":101,"column":24},"end":{"line":101,"column":42}},"loc":{"start":{"line":101,"column":42},"end":{"line":117,"column":1}}}},"branchMap":{"0":{"loc":{"start":{"line":15,"column":2},"end":{"line":15,"column":52}},"type":"if","locations":[{"start":{"line":15,"column":2},"end":{"line":15,"column":52}},{"start":{},"end":{}}]},"1":{"loc":{"start":{"line":15,"column":6},"end":{"line":15,"column":39}},"type":"binary-expr","locations":[{"start":{"line":15,"column":6},"end":{"line":15,"column":18}},{"start":{"line":15,"column":22},"end":{"line":15,"column":39}}]},"2":{"loc":{"start":{"line":16,"column":2},"end":{"line":16,"column":42}},"type":"if","locations":[{"start":{"line":16,"column":2},"end":{"line":16,"column":42}},{"start":{},"end":{}}]},"3":{"loc":{"start":{"line":20,"column":6},"end":{"line":20,"column":46}},"type":"if","locations":[{"start":{"line":20,"column":6},"end":{"line":20,"column":46}},{"start":{},"end":{}}]},"4":{"loc":{"start":{"line":20,"column":10},"end":{"line":20,"column":37}},"type":"binary-expr","locations":[{"start":{"line":20,"column":10},"end":{"line":20,"column":12}},{"start":{"line":20,"column":16},"end":{"line":20,"column":37}}]},"5":{"loc":{"start":{"line":22,"column":8},"end":{"line":25,"column":9}},"type":"if","locations":[{"start":{"line":22,"column":8},"end":{"line":25,"column":9}},{"start":{},"end":{}}]},"6":{"loc":{"start":{"line":22,"column":12},"end":{"line":22,"column":48}},"type":"binary-expr","locations":[{"start":{"line":22,"column":12},"end":{"line":22,"column":29}},{"start":{"line":22,"column":33},"end":{"line":22,"column":48}}]},"7":{"loc":{"start":{"line":44,"column":4},"end":{"line":46,"column":5}},"type":"if","locations":[{"start":{"line":44,"column":4},"end":{"line":46,"column":5}},{"start":{},"end":{}}]},"8":{"loc":{"start":{"line":49,"column":6},"end":{"line":51,"column":7}},"type":"if","locations":[{"start":{"line":49,"column":6},"end":{"line":51,"column":7}},{"start":{},"end":{}}]},"9":{"loc":{"start":{"line":60,"column":6},"end":{"line":62,"column":7}},"type":"if","locations":[{"start":{"line":60,"column":6},"end":{"line":62,"column":7}},{"start":{},"end":{}}]},"10":{"loc":{"start":{"line":76,"column":27},"end":{"line":76,"column":63}},"type":"binary-expr","locations":[{"start":{"line":76,"column":27},"end":{"line":76,"column":54}},{"start":{"line":76,"column":58},"end":{"line":76,"column":63}}]},"11":{"loc":{"start":{"line":77,"column":24},"end":{"line":77,"column":52}},"type":"binary-expr","locations":[{"start":{"line":77,"column":24},"end":{"line":77,"column":45}},{"start":{"line":77,"column":49},"end":{"line":77,"column":52}}]},"12":{"loc":{"start":{"line":78,"column":27},"end":{"line":78,"column":57}},"type":"binary-expr","locations":[{"start":{"line":78,"column":27},"end":{"line":78,"column":51}},{"start":{"line":78,"column":55},"end":{"line":78,"column":57}}]},"13":{"loc":{"start":{"line":108,"column":14},"end":{"line":108,"column":41}},"type":"binary-expr","locations":[{"start":{"line":108,"column":14},"end":{"line":108,"column":33}},{"start":{"line":108,"column":37},"end":{"line":108,"column":41}}]}},"s":{"0":4,"1":4,"2":4,"3":4,"4":4,"5":4,"6":4,"7":17,"8":0,"9":17,"10":0,"11":17,"12":17,"13":17,"14":58,"15":23,"16":35,"17":41,"18":0,"19":0,"20":41,"21":17,"22":17,"23":0,"24":0,"25":4,"26":7,"27":7,"28":3,"29":7,"30":7,"31":7,"32":7,"33":7,"34":7,"35":7,"36":0,"37":0,"38":7,"39":4,"40":4,"41":4,"42":4,"43":4,"44":4,"45":0,"46":4,"47":4,"48":4,"49":4,"50":4},"f":{"0":17,"1":58,"2":7,"3":0,"4":4},"b":{"0":[0,17],"1":[17,17],"2":[0,17],"3":[23,35],"4":[58,58],"5":[0,41],"6":[41,41],"7":[3,4],"8":[7,0],"9":[7,0],"10":[4,0],"11":[4,0],"12":[4,0],"13":[4,0]}}
,"D:\\FullStackProject\\CMSWebsite\\cms-backend\\src\\models\\AuditLog.ts": {"path":"D:\\FullStackProject\\CMSWebsite\\cms-backend\\src\\models\\AuditLog.ts","statementMap":{"0":{"start":{"line":2,"column":0},"end":{"line":2,"column":54}},"1":{"start":{"line":15,"column":23},"end":{"line":25,"column":null}},"2":{"start":{"line":28,"column":0},"end":{"line":28,"column":69}}},"fnMap":{},"branchMap":{},"s":{"0":4,"1":4,"2":4},"f":{},"b":{}}
,"D:\\FullStackProject\\CMSWebsite\\cms-backend\\src\\models\\ComponentType.ts": {"path":"D:\\FullStackProject\\CMSWebsite\\cms-backend\\src\\models\\ComponentType.ts","statementMap":{"0":{"start":{"line":1,"column":0},"end":{"line":1,"column":54}},"1":{"start":{"line":13,"column":28},"end":{"line":21,"column":null}},"2":{"start":{"line":24,"column":0},"end":{"line":27,"column":2}}},"fnMap":{},"branchMap":{},"s":{"0":5,"1":5,"2":5},"f":{},"b":{}}
,"D:\\FullStackProject\\CMSWebsite\\cms-backend\\src\\models\\Page.ts": {"path":"D:\\FullStackProject\\CMSWebsite\\cms-backend\\src\\models\\Page.ts","statementMap":{"0":{"start":{"line":1,"column":0},"end":{"line":1,"column":54}},"1":{"start":{"line":25,"column":20},"end":{"line":30,"column":null}},"2":{"start":{"line":33,"column":19},"end":{"line":45,"column":null}},"3":{"start":{"line":51,"column":0},"end":{"line":51,"column":57}}},"fnMap":{},"branchMap":{},"s":{"0":4,"1":4,"2":4,"3":4},"f":{},"b":{}}
,"D:\\FullStackProject\\CMSWebsite\\cms-backend\\src\\models\\PageVersion.ts": {"path":"D:\\FullStackProject\\CMSWebsite\\cms-backend\\src\\models\\PageVersion.ts","statementMap":{"0":{"start":{"line":2,"column":0},"end":{"line":2,"column":54}},"1":{"start":{"line":13,"column":26},"end":{"line":21,"column":null}},"2":{"start":{"line":24,"column":0},"end":{"line":24,"column":58}},"3":{"start":{"line":26,"column":0},"end":{"line":26,"column":78}}},"fnMap":{},"branchMap":{},"s":{"0":4,"1":4,"2":4,"3":4},"f":{},"b":{}}
,"D:\\FullStackProject\\CMSWebsite\\cms-backend\\src\\models\\User.ts": {"path":"D:\\FullStackProject\\CMSWebsite\\cms-backend\\src\\models\\User.ts","statementMap":{"0":{"start":{"line":1,"column":0},"end":{"line":1,"column":54}},"1":{"start":{"line":14,"column":19},"end":{"line":25,"column":null}},"2":{"start":{"line":28,"column":0},"end":{"line":28,"column":57}}},"fnMap":{},"branchMap":{},"s":{"0":4,"1":4,"2":4},"f":{},"b":{}}
,"D:\\FullStackProject\\CMSWebsite\\cms-backend\\src\\routes\\admin.components.routes.ts": {"path":"D:\\FullStackProject\\CMSWebsite\\cms-backend\\src\\routes\\admin.components.routes.ts","statementMap":{"0":{"start":{"line":2,"column":0},"end":{"line":2,"column":33}},"1":{"start":{"line":3,"column":0},"end":{"line":3,"column":null}},"2":{"start":{"line":7,"column":0},"end":{"line":7,"column":65}},"3":{"start":{"line":8,"column":0},"end":{"line":8,"column":58}},"4":{"start":{"line":10,"column":15},"end":{"line":10,"column":23}},"5":{"start":{"line":12,"column":0},"end":{"line":12,"column":76}},"6":{"start":{"line":13,"column":0},"end":{"line":19,"column":2}},"7":{"start":{"line":21,"column":0},"end":{"line":21,"column":22}}},"fnMap":{},"branchMap":{},"s":{"0":4,"1":4,"2":4,"3":4,"4":4,"5":4,"6":4,"7":4},"f":{},"b":{}}
,"D:\\FullStackProject\\CMSWebsite\\cms-backend\\src\\routes\\admin.pages.routes.ts": {"path":"D:\\FullStackProject\\CMSWebsite\\cms-backend\\src\\routes\\admin.pages.routes.ts","statementMap":{"0":{"start":{"line":2,"column":0},"end":{"line":2,"column":33}},"1":{"start":{"line":3,"column":0},"end":{"line":3,"column":null}},"2":{"start":{"line":13,"column":0},"end":{"line":13,"column":65}},"3":{"start":{"line":14,"column":0},"end":{"line":14,"column":58}},"4":{"start":{"line":16,"column":15},"end":{"line":16,"column":23}},"5":{"start":{"line":19,"column":0},"end":{"line":19,"column":78}},"6":{"start":{"line":22,"column":0},"end":{"line":28,"column":2}},"7":{"start":{"line":31,"column":0},"end":{"line":31,"column":79}},"8":{"start":{"line":34,"column":0},"end":{"line":40,"column":2}},"9":{"start":{"line":43,"column":0},"end":{"line":48,"column":2}},"10":{"start":{"line":51,"column":0},"end":{"line":56,"column":2}},"11":{"start":{"line":57,"column":0},"end":{"line":62,"column":2}},"12":{"start":{"line":64,"column":0},"end":{"line":64,"column":22}}},"fnMap":{},"branchMap":{},"s":{"0":4,"1":4,"2":4,"3":4,"4":4,"5":4,"6":4,"7":4,"8":4,"9":4,"10":4,"11":4,"12":4},"f":{},"b":{}}
,"D:\\FullStackProject\\CMSWebsite\\cms-backend\\src\\routes\\admin.routes.ts": {"path":"D:\\FullStackProject\\CMSWebsite\\cms-backend\\src\\routes\\admin.routes.ts","statementMap":{"0":{"start":{"line":2,"column":0},"end":{"line":2,"column":33}},"1":{"start":{"line":3,"column":0},"end":{"line":3,"column":52}},"2":{"start":{"line":4,"column":0},"end":{"line":4,"column":62}},"3":{"start":{"line":5,"column":0},"end":{"line":5,"column":37}},"4":{"start":{"line":6,"column":0},"end":{"line":6,"column":48}},"5":{"start":{"line":8,"column":15},"end":{"line":8,"column":23}},"6":{"start":{"line":10,"column":0},"end":{"line":10,"column":39}},"7":{"start":{"line":11,"column":0},"end":{"line":11,"column":49}},"8":{"start":{"line":12,"column":0},"end":{"line":12,"column":30}},"9":{"start":{"line":13,"column":0},"end":{"line":13,"column":41}},"10":{"start":{"line":16,"column":0},"end":{"line":16,"column":58}},"11":{"start":{"line":16,"column":34},"end":{"line":16,"column":56}},"12":{"start":{"line":18,"column":0},"end":{"line":18,"column":22}}},"fnMap":{"0":{"name":"(anonymous_1)","decl":{"start":{"line":16,"column":22},"end":{"line":16,"column":23}},"loc":{"start":{"line":16,"column":34},"end":{"line":16,"column":56}}}},"branchMap":{},"s":{"0":4,"1":4,"2":4,"3":4,"4":4,"5":4,"6":4,"7":4,"8":4,"9":4,"10":4,"11":0,"12":4},"f":{"0":0},"b":{}}
,"D:\\FullStackProject\\CMSWebsite\\cms-backend\\src\\routes\\auth.routes.ts": {"path":"D:\\FullStackProject\\CMSWebsite\\cms-backend\\src\\routes\\auth.routes.ts","statementMap":{"0":{"start":{"line":1,"column":0},"end":{"line":1,"column":33}},"1":{"start":{"line":2,"column":0},"end":{"line":2,"column":null}},"2":{"start":{"line":7,"column":0},"end":{"line":7,"column":48}},"3":{"start":{"line":8,"column":15},"end":{"line":8,"column":23}},"4":{"start":{"line":10,"column":0},"end":{"line":10,"column":36}},"5":{"start":{"line":11,"column":0},"end":{"line":11,"column":42}},"6":{"start":{"line":12,"column":0},"end":{"line":12,"column":45}},"7":{"start":{"line":14,"column":0},"end":{"line":14,"column":22}}},"fnMap":{},"branchMap":{},"s":{"0":4,"1":4,"2":4,"3":4,"4":4,"5":4,"6":4,"7":4},"f":{},"b":{}}
,"D:\\FullStackProject\\CMSWebsite\\cms-backend\\src\\routes\\cli.debug.routes.ts": {"path":"D:\\FullStackProject\\CMSWebsite\\cms-backend\\src\\routes\\cli.debug.routes.ts","statementMap":{"0":{"start":{"line":2,"column":0},"end":{"line":2,"column":33}},"1":{"start":{"line":3,"column":0},"end":{"line":3,"column":65}},"2":{"start":{"line":4,"column":0},"end":{"line":4,"column":54}},"3":{"start":{"line":6,"column":15},"end":{"line":6,"column":23}},"4":{"start":{"line":11,"column":0},"end":{"line":27,"column":3}},"5":{"start":{"line":12,"column":2},"end":{"line":26,"column":3}},"6":{"start":{"line":13,"column":19},"end":{"line":13,"column":46}},"7":{"start":{"line":14,"column":4},"end":{"line":17,"column":79}},"8":{"start":{"line":15,"column":6},"end":{"line":17,"column":79}},"9":{"start":{"line":18,"column":21},"end":{"line":18,"column":41}},"10":{"start":{"line":19,"column":19},"end":{"line":19,"column":53}},"11":{"start":{"line":20,"column":4},"end":{"line":20,"column":42}},"12":{"start":{"line":22,"column":4},"end":{"line":22,"column":70}},"13":{"start":{"line":23,"column":4},"end":{"line":25,"column":76}},"14":{"start":{"line":29,"column":0},"end":{"line":29,"column":22}}},"fnMap":{"0":{"name":"(anonymous_9)","decl":{"start":{"line":11,"column":56},"end":{"line":11,"column":61}},"loc":{"start":{"line":11,"column":75},"end":{"line":27,"column":1}}}},"branchMap":{"0":{"loc":{"start":{"line":13,"column":19},"end":{"line":13,"column":46}},"type":"binary-expr","locations":[{"start":{"line":13,"column":19},"end":{"line":13,"column":27}},{"start":{"line":13,"column":31},"end":{"line":13,"column":46}}]},"1":{"loc":{"start":{"line":14,"column":4},"end":{"line":17,"column":79}},"type":"if","locations":[{"start":{"line":14,"column":4},"end":{"line":17,"column":79}},{"start":{},"end":{}}]},"2":{"loc":{"start":{"line":22,"column":43},"end":{"line":22,"column":68}},"type":"binary-expr","locations":[{"start":{"line":22,"column":43},"end":{"line":22,"column":46}},{"start":{"line":22,"column":51},"end":{"line":22,"column":60}},{"start":{"line":22,"column":64},"end":{"line":22,"column":67}}]},"3":{"loc":{"start":{"line":24,"column":14},"end":{"line":24,"column":31}},"type":"binary-expr","locations":[{"start":{"line":24,"column":14},"end":{"line":24,"column":24}},{"start":{"line":24,"column":28},"end":{"line":24,"column":31}}]},"4":{"loc":{"start":{"line":25,"column":23},"end":{"line":25,"column":58}},"type":"binary-expr","locations":[{"start":{"line":25,"column":23},"end":{"line":25,"column":34}},{"start":{"line":25,"column":38},"end":{"line":25,"column":58}}]}},"s":{"0":4,"1":4,"2":4,"3":4,"4":4,"5":3,"6":3,"7":3,"8":0,"9":3,"10":3,"11":3,"12":0,"13":0,"14":4},"f":{"0":3},"b":{"0":[3,3],"1":[0,3],"2":[0,0,0],"3":[0,0],"4":[0,0]}}
,"D:\\FullStackProject\\CMSWebsite\\cms-backend\\src\\routes\\cli.routes.ts": {"path":"D:\\FullStackProject\\CMSWebsite\\cms-backend\\src\\routes\\cli.routes.ts","statementMap":{"0":{"start":{"line":2,"column":0},"end":{"line":2,"column":33}},"1":{"start":{"line":3,"column":0},"end":{"line":3,"column":64}},"2":{"start":{"line":4,"column":0},"end":{"line":4,"column":65}},"3":{"start":{"line":5,"column":0},"end":{"line":5,"column":58}},"4":{"start":{"line":7,"column":15},"end":{"line":7,"column":23}},"5":{"start":{"line":10,"column":0},"end":{"line":16,"column":2}},"6":{"start":{"line":18,"column":0},"end":{"line":18,"column":22}}},"fnMap":{},"branchMap":{},"s":{"0":4,"1":4,"2":4,"3":4,"4":4,"5":4,"6":4},"f":{},"b":{}}
,"D:\\FullStackProject\\CMSWebsite\\cms-backend\\src\\routes\\public.routes.ts": {"path":"D:\\FullStackProject\\CMSWebsite\\cms-backend\\src\\routes\\public.routes.ts","statementMap":{"0":{"start":{"line":1,"column":0},"end":{"line":1,"column":33}},"1":{"start":{"line":2,"column":0},"end":{"line":2,"column":65}},"2":{"start":{"line":4,"column":15},"end":{"line":4,"column":23}},"3":{"start":{"line":7,"column":0},"end":{"line":7,"column":39}},"4":{"start":{"line":9,"column":0},"end":{"line":9,"column":22}}},"fnMap":{},"branchMap":{},"s":{"0":4,"1":4,"2":4,"3":4,"4":4},"f":{},"b":{}}
,"D:\\FullStackProject\\CMSWebsite\\cms-backend\\src\\services\\audit.service.ts": {"path":"D:\\FullStackProject\\CMSWebsite\\cms-backend\\src\\services\\audit.service.ts","statementMap":{"0":{"start":{"line":5,"column":0},"end":{"line":5,"column":7}},"1":{"start":{"line":2,"column":0},"end":{"line":2,"column":44}},"2":{"start":{"line":3,"column":0},"end":{"line":3,"column":37}},"3":{"start":{"line":14,"column":2},"end":{"line":32,"column":3}},"4":{"start":{"line":15,"column":16},"end":{"line":23,"column":6}},"5":{"start":{"line":24,"column":4},"end":{"line":24,"column":21}},"6":{"start":{"line":25,"column":4},"end":{"line":28,"column":6}},"7":{"start":{"line":30,"column":4},"end":{"line":30,"column":57}},"8":{"start":{"line":31,"column":4},"end":{"line":31,"column":16}}},"fnMap":{"0":{"name":"createAuditEntry","decl":{"start":{"line":5,"column":22},"end":{"line":5,"column":38}},"loc":{"start":{"line":13,"column":1},"end":{"line":33,"column":1}}}},"branchMap":{"0":{"loc":{"start":{"line":21,"column":15},"end":{"line":21,"column":35}},"type":"binary-expr","locations":[{"start":{"line":21,"column":15},"end":{"line":21,"column":27}},{"start":{"line":21,"column":31},"end":{"line":21,"column":35}}]}},"s":{"0":4,"1":4,"2":4,"3":9,"4":9,"5":9,"6":9,"7":0,"8":0},"f":{"0":9},"b":{"0":[9,0]}}
,"D:\\FullStackProject\\CMSWebsite\\cms-backend\\src\\services\\auth.service.ts": {"path":"D:\\FullStackProject\\CMSWebsite\\cms-backend\\src\\services\\auth.service.ts","statementMap":{"0":{"start":{"line":9,"column":0},"end":{"line":9,"column":7}},"1":{"start":{"line":13,"column":0},"end":{"line":13,"column":7}},"2":{"start":{"line":17,"column":0},"end":{"line":17,"column":7}},"3":{"start":{"line":31,"column":0},"end":{"line":31,"column":7}},"4":{"start":{"line":39,"column":0},"end":{"line":39,"column":16}},"5":{"start":{"line":62,"column":0},"end":{"line":62,"column":16}},"6":{"start":{"line":2,"column":0},"end":{"line":2,"column":30}},"7":{"start":{"line":3,"column":0},"end":{"line":3,"column":31}},"8":{"start":{"line":4,"column":0},"end":{"line":4,"column":31}},"9":{"start":{"line":5,"column":0},"end":{"line":5,"column":50}},"10":{"start":{"line":7,"column":20},"end":{"line":7,"column":22}},"11":{"start":{"line":10,"column":2},"end":{"line":10,"column":41}},"12":{"start":{"line":14,"column":2},"end":{"line":14,"column":37}},"13":{"start":{"line":23,"column":19},"end":{"line":23,"column":53}},"14":{"start":{"line":24,"column":2},"end":{"line":24,"column":56}},"15":{"start":{"line":24,"column":16},"end":{"line":24,"column":56}},"16":{"start":{"line":25,"column":23},"end":{"line":25,"column":51}},"17":{"start":{"line":26,"column":12},"end":{"line":26,"column":62}},"18":{"start":{"line":27,"column":2},"end":{"line":27,"column":17}},"19":{"start":{"line":28,"column":2},"end":{"line":28,"column":11}},"20":{"start":{"line":32,"column":2},"end":{"line":32,"column":38}},"21":{"start":{"line":40,"column":18},"end":{"line":40,"column":33}},"22":{"start":{"line":42,"column":20},"end":{"line":42,"column":63}},"23":{"start":{"line":44,"column":4},"end":{"line":44,"column":71}},"24":{"start":{"line":45,"column":2},"end":{"line":45,"column":60}},"25":{"start":{"line":45,"column":15},"end":{"line":45,"column":60}},"26":{"start":{"line":48,"column":51},"end":{"line":49,"column":8}},"27":{"start":{"line":51,"column":35},"end":{"line":53,"column":4}},"28":{"start":{"line":55,"column":16},"end":{"line":55,"column":71}},"29":{"start":{"line":56,"column":2},"end":{"line":56,"column":15}},"30":{"start":{"line":63,"column":2},"end":{"line":72,"column":3}},"31":{"start":{"line":64,"column":22},"end":{"line":64,"column":65}},"32":{"start":{"line":66,"column":6},"end":{"line":66,"column":73}},"33":{"start":{"line":67,"column":4},"end":{"line":67,"column":62}},"34":{"start":{"line":67,"column":17},"end":{"line":67,"column":62}},"35":{"start":{"line":68,"column":20},"end":{"line":68,"column":66}},"36":{"start":{"line":69,"column":4},"end":{"line":69,"column":19}},"37":{"start":{"line":71,"column":4},"end":{"line":71,"column":14}}},"fnMap":{"0":{"name":"hashPassword","decl":{"start":{"line":9,"column":22},"end":{"line":9,"column":34}},"loc":{"start":{"line":9,"column":48},"end":{"line":11,"column":1}}},"1":{"name":"verifyPassword","decl":{"start":{"line":13,"column":22},"end":{"line":13,"column":36}},"loc":{"start":{"line":13,"column":64},"end":{"line":15,"column":1}}},"2":{"name":"createUser","decl":{"start":{"line":17,"column":22},"end":{"line":17,"column":32}},"loc":{"start":{"line":21,"column":15},"end":{"line":29,"column":1}}},"3":{"name":"findUserByEmail","decl":{"start":{"line":31,"column":22},"end":{"line":31,"column":37}},"loc":{"start":{"line":31,"column":51},"end":{"line":33,"column":1}}},"4":{"name":"generateAccessToken","decl":{"start":{"line":39,"column":16},"end":{"line":39,"column":35}},"loc":{"start":{"line":39,"column":50},"end":{"line":57,"column":1}}},"5":{"name":"verifyAccessToken","decl":{"start":{"line":62,"column":16},"end":{"line":62,"column":33}},"loc":{"start":{"line":62,"column":47},"end":{"line":73,"column":1}}}},"branchMap":{"0":{"loc":{"start":{"line":20,"column":2},"end":{"line":20,"column":32}},"type":"default-arg","locations":[{"start":{"line":20,"column":24},"end":{"line":20,"column":32}}]},"1":{"loc":{"start":{"line":24,"column":2},"end":{"line":24,"column":56}},"type":"if","locations":[{"start":{"line":24,"column":2},"end":{"line":24,"column":56}},{"start":{},"end":{}}]},"2":{"loc":{"start":{"line":42,"column":20},"end":{"line":42,"column":63}},"type":"binary-expr","locations":[{"start":{"line":42,"column":20},"end":{"line":42,"column":37}},{"start":{"line":42,"column":41},"end":{"line":42,"column":63}}]},"3":{"loc":{"start":{"line":44,"column":4},"end":{"line":44,"column":71}},"type":"cond-expr","locations":[{"start":{"line":44,"column":36},"end":{"line":44,"column":45}},{"start":{"line":44,"column":48},"end":{"line":44,"column":71}}]},"4":{"loc":{"start":{"line":44,"column":55},"end":{"line":44,"column":70}},"type":"binary-expr","locations":[{"start":{"line":44,"column":55},"end":{"line":44,"column":64}},{"start":{"line":44,"column":68},"end":{"line":44,"column":70}}]},"5":{"loc":{"start":{"line":45,"column":2},"end":{"line":45,"column":60}},"type":"if","locations":[{"start":{"line":45,"column":2},"end":{"line":45,"column":60}},{"start":{},"end":{}}]},"6":{"loc":{"start":{"line":48,"column":51},"end":{"line":49,"column":8}},"type":"binary-expr","locations":[{"start":{"line":48,"column":51},"end":{"line":48,"column":72}},{"start":{"line":49,"column":4},"end":{"line":49,"column":8}}]},"7":{"loc":{"start":{"line":64,"column":22},"end":{"line":64,"column":65}},"type":"binary-expr","locations":[{"start":{"line":64,"column":22},"end":{"line":64,"column":39}},{"start":{"line":64,"column":43},"end":{"line":64,"column":65}}]},"8":{"loc":{"start":{"line":66,"column":6},"end":{"line":66,"column":73}},"type":"cond-expr","locations":[{"start":{"line":66,"column":38},"end":{"line":66,"column":47}},{"start":{"line":66,"column":50},"end":{"line":66,"column":73}}]},"9":{"loc":{"start":{"line":66,"column":57},"end":{"line":66,"column":72}},"type":"binary-expr","locations":[{"start":{"line":66,"column":57},"end":{"line":66,"column":66}},{"start":{"line":66,"column":70},"end":{"line":66,"column":72}}]},"10":{"loc":{"start":{"line":67,"column":4},"end":{"line":67,"column":62}},"type":"if","locations":[{"start":{"line":67,"column":4},"end":{"line":67,"column":62}},{"start":{},"end":{}}]}},"s":{"0":4,"1":4,"2":4,"3":4,"4":4,"5":4,"6":4,"7":4,"8":4,"9":4,"10":4,"11":0,"12":0,"13":0,"14":0,"15":0,"16":0,"17":0,"18":0,"19":0,"20":0,"21":0,"22":0,"23":0,"24":0,"25":0,"26":0,"27":0,"28":0,"29":0,"30":0,"31":0,"32":0,"33":0,"34":0,"35":0,"36":0,"37":0},"f":{"0":0,"1":0,"2":0,"3":0,"4":0,"5":0},"b":{"0":[0],"1":[0,0],"2":[0,0],"3":[0,0],"4":[0,0],"5":[0,0],"6":[0,0],"7":[0,0],"8":[0,0],"9":[0,0],"10":[0,0]}}
[...]
":{"start":{"line":141,"column":8},"end":{"line":143,"column":22}},"75":{"start":{"line":142,"column":10},"end":{"line":142,"column":30}},"76":{"start":{"line":144,"column":8},"end":{"line":144,"column":22}},"77":{"start":{"line":145,"column":8},"end":{"line":145,"column":32}},"78":{"start":{"line":146,"column":8},"end":{"line":146,"column":15}},"79":{"start":{"line":149,"column":4},"end":{"line":149,"column":28}}},"fnMap":{"0":{"name":"initRedis","decl":{"start":{"line":15,"column":9},"end":{"line":15,"column":18}},"loc":{"start":{"line":15,"column":18},"end":{"line":73,"column":1}}},"1":{"name":"(anonymous_2)","decl":{"start":{"line":25,"column":21},"end":{"line":25,"column":22}},"loc":{"start":{"line":25,"column":31},"end":{"line":30,"column":7}}},"2":{"name":"(anonymous_3)","decl":{"start":{"line":33,"column":20},"end":{"line":33,"column":23}},"loc":{"start":{"line":33,"column":25},"end":{"line":37,"column":5}}},"3":{"name":"(anonymous_4)","decl":{"start":{"line":39,"column":20},"end":{"line":39,"column":21}},"loc":{"start":{"line":39,"column":33},"end":{"line":50,"column":5}}},"4":{"name":"(anonymous_5)","decl":{"start":{"line":54,"column":15},"end":{"line":54,"column":18}},"loc":{"start":{"line":54,"column":20},"end":{"line":64,"column":5}}},"5":{"name":"(anonymous_6)","decl":{"start":{"line":82,"column":2},"end":{"line":82,"column":7}},"loc":{"start":{"line":82,"column":23},"end":{"line":101,"column":3}}},"6":{"name":"(anonymous_7)","decl":{"start":{"line":103,"column":2},"end":{"line":103,"column":7}},"loc":{"start":{"line":103,"column":59},"end":{"line":128,"column":3}}},"7":{"name":"(anonymous_8)","decl":{"start":{"line":121,"column":21},"end":{"line":121,"column":24}},"loc":{"start":{"line":121,"column":27},"end":{"line":121,"column":50}}},"8":{"name":"(anonymous_9)","decl":{"start":{"line":127,"column":17},"end":{"line":127,"column":20}},"loc":{"start":{"line":127,"column":23},"end":{"line":127,"column":46}}},"9":{"name":"(anonymous_10)","decl":{"start":{"line":130,"column":2},"end":{"line":130,"column":7}},"loc":{"start":{"line":130,"column":23},"end":{"line":150,"column":3}}}},"branchMap":{"0":{"loc":{"start":{"line":16,"column":2},"end":{"line":19,"column":3}},"type":"if","locations":[{"start":{"line":16,"column":2},"end":{"line":19,"column":3}},{"start":{},"end":{}}]},"1":{"loc":{"start":{"line":27,"column":8},"end":{"line":27,"column":35}},"type":"if","locations":[{"start":{"line":27,"column":8},"end":{"line":27,"column":35}},{"start":{},"end":{}}]},"2":{"loc":{"start":{"line":43,"column":8},"end":{"line":43,"column":26}},"type":"binary-expr","locations":[{"start":{"line":43,"column":8},"end":{"line":43,"column":19}},{"start":{"line":43,"column":23},"end":{"line":43,"column":26}}]},"3":{"loc":{"start":{"line":55,"column":6},"end":{"line":63,"column":7}},"type":"if","locations":[{"start":{"line":55,"column":6},"end":{"line":63,"column":7}},{"start":{},"end":{}}]},"4":{"loc":{"start":{"line":56,"column":8},"end":{"line":60,"column":9}},"type":"if","locations":[{"start":{"line":56,"column":8},"end":{"line":60,"column":9}},{"start":{},"end":{}}]},"5":{"loc":{"start":{"line":68,"column":6},"end":{"line":68,"column":24}},"type":"binary-expr","locations":[{"start":{"line":68,"column":6},"end":{"line":68,"column":17}},{"start":{"line":68,"column":21},"end":{"line":68,"column":24}}]},"6":{"loc":{"start":{"line":77,"column":0},"end":{"line":79,"column":1}},"type":"if","locations":[{"start":{"line":77,"column":0},"end":{"line":79,"column":1}},{"start":{},"end":{}}]},"7":{"loc":{"start":{"line":83,"column":4},"end":{"line":99,"column":5}},"type":"if","locations":[{"start":{"line":83,"column":4},"end":{"line":99,"column":5}},{"start":{},"end":{}}]},"8":{"loc":{"start":{"line":83,"column":8},"end":{"line":83,"column":32}},"type":"binary-expr","locations":[{"start":{"line":83,"column":8},"end":{"line":83,"column":14}},{"start":{"line":83,"column":18},"end":{"line":83,"column":32}}]},"9":{"loc":{"start":{"line":90,"column":11},"end":{"line":90,"column":37}},"type":"binary-expr","locations":[{"start":{"line":90,"column":11},"end":{"line":90,"column":30}},{"start":{"line":90,"column":34},"end":{"line":90,"column":37}}]},"10":{"loc":{"start":{"line":97,"column":15},"end":{"line":97,"column":43}},"type":"binary-expr","locations":[{"start":{"line":97,"column":15},"end":{"line":97,"column":35}},{"start":{"line":97,"column":39},"end":{"line":97,"column":43}}]},"11":{"loc":{"start":{"line":100,"column":11},"end":{"line":100,"column":39}},"type":"binary-expr","locations":[{"start":{"line":100,"column":11},"end":{"line":100,"column":31}},{"start":{"line":100,"column":35},"end":{"line":100,"column":39}}]},"12":{"loc":{"start":{"line":104,"column":4},"end":{"line":124,"column":5}},"type":"if","locations":[{"start":{"line":104,"column":4},"end":{"line":124,"column":5}},{"start":{},"end":{}}]},"13":{"loc":{"start":{"line":104,"column":8},"end":{"line":104,"column":32}},"type":"binary-expr","locations":[{"start":{"line":104,"column":8},"end":{"line":104,"column":14}},{"start":{"line":104,"column":18},"end":{"line":104,"column":32}}]},"14":{"loc":{"start":{"line":106,"column":8},"end":{"line":107,"column":42}},"type":"if","locations":[{"start":{"line":106,"column":8},"end":{"line":107,"column":42}},{"start":{"line":107,"column":13},"end":{"line":107,"column":42}}]},"15":{"loc":{"start":{"line":112,"column":11},"end":{"line":112,"column":37}},"type":"binary-expr","locations":[{"start":{"line":112,"column":11},"end":{"line":112,"column":30}},{"start":{"line":112,"column":34},"end":{"line":112,"column":37}}]},"16":{"loc":{"start":{"line":120,"column":8},"end":{"line":121,"column":71}},"type":"if","locations":[{"start":{"line":120,"column":8},"end":{"line":121,"column":71}},{"start":{},"end":{}}]},"17":{"loc":{"start":{"line":120,"column":12},"end":{"line":120,"column":52}},"type":"binary-expr","locations":[{"start":{"line":120,"column":12},"end":{"line":120,"column":22}},{"start":{"line":120,"column":26},"end":{"line":120,"column":52}}]},"18":{"loc":{"start":{"line":126,"column":4},"end":{"line":127,"column":67}},"type":"if","locations":[{"start":{"line":126,"column":4},"end":{"line":127,"column":67}},{"start":{},"end":{}}]},"19":{"loc":{"start":{"line":126,"column":8},"end":{"line":126,"column":48}},"type":"binary-expr","locations":[{"start":{"line":126,"column":8},"end":{"line":126,"column":18}},{"start":{"line":126,"column":22},"end":{"line":126,"column":48}}]},"20":{"loc":{"start":{"line":131,"column":4},"end":{"line":148,"column":5}},"type":"if","locations":[{"start":{"line":131,"column":4},"end":{"line":148,"column":5}},{"start":{},"end":{}}]},"21":{"loc":{"start":{"line":131,"column":8},"end":{"line":131,"column":32}},"type":"binary-expr","locations":[{"start":{"line":131,"column":8},"end":{"line":131,"column":14}},{"start":{"line":131,"column":18},"end":{"line":131,"column":32}}]},"22":{"loc":{"start":{"line":138,"column":11},"end":{"line":138,"column":37}},"type":"binary-expr","locations":[{"start":{"line":138,"column":11},"end":{"line":138,"column":30}},{"start":{"line":138,"column":34},"end":{"line":138,"column":37}}]}},"s":{"0":4,"1":4,"2":4,"3":4,"4":4,"5":4,"6":0,"7":0,"8":0,"9":0,"10":0,"11":0,"12":0,"13":0,"14":0,"15":0,"16":0,"17":0,"18":0,"19":0,"20":0,"21":0,"22":0,"23":0,"24":0,"25":0,"26":0,"27":0,"28":0,"29":0,"30":0,"31":0,"32":0,"33":0,"34":4,"35":0,"36":4,"37":1,"38":0,"39":0,"40":0,"41":0,"42":0,"43":0,"44":0,"45":0,"46":0,"47":1,"48":1,"49":0,"50":0,"51":0,"52":0,"53":0,"54":0,"55":0,"56":0,"57":0,"58":0,"59":0,"60":0,"61":0,"62":0,"63":0,"64":1,"65":1,"66":0,"67":0,"68":0,"69":0,"70":0,"71":0,"72":0,"73":0,"74":0,"75":0,"76":0,"77":0,"78":0,"79":0},"f":{"0":0,"1":0,"2":0,"3":0,"4":0,"5":1,"6":1,"7":0,"8":0,"9":0},"b":{"0":[0,0],"1":[0,0],"2":[0,0],"3":[0,0],"4":[0,0],"5":[0,0],"6":[0,4],"7":[0,1],"8":[1,0],"9":[0,0],"10":[0,0],"11":[1,0],"12":[0,1],"13":[1,0],"14":[0,0],"15":[0,0],"16":[0,0],"17":[0,0],"18":[0,1],"19":[1,1],"20":[0,0],"21":[0,0],"22":[0,0]}}
,"D:\\FullStackProject\\CMSWebsite\\cms-backend\\src\\utils\\schemaCompiler.ts": {"path":"D:\\FullStackProject\\CMSWebsite\\cms-backend\\src\\utils\\schemaCompiler.ts","statementMap":{"0":{"start":{"line":112,"column":0},"end":{"line":112,"column":16}},"1":{"start":{"line":2,"column":0},"end":{"line":2,"column":36}},"2":{"start":{"line":17,"column":2},"end":{"line":33,"column":3}},"3":{"start":{"line":18,"column":21},"end":{"line":18,"column":39}},"4":{"start":{"line":19,"column":17},"end":{"line":19,"column":52}},"5":{"start":{"line":20,"column":4},"end":{"line":32,"column":5}},"6":{"start":{"line":22,"column":8},"end":{"line":22,"column":61}},"7":{"start":{"line":24,"column":8},"end":{"line":24,"column":61}},"8":{"start":{"line":26,"column":8},"end":{"line":26,"column":63}},"9":{"start":{"line":28,"column":8},"end":{"line":28,"column":55}},"10":{"start":{"line":31,"column":8},"end":{"line":31,"column":55}},"11":{"start":{"line":36,"column":2},"end":{"line":60,"column":3}},"12":{"start":{"line":41,"column":14},"end":{"line":41,"column":23}},"13":{"start":{"line":42,"column":21},"end":{"line":42,"column":36}},"14":{"start":{"line":43,"column":4},"end":{"line":59,"column":5}},"15":{"start":{"line":45,"column":8},"end":{"line":45,"column":61}},"16":{"start":{"line":47,"column":8},"end":{"line":47,"column":61}},"17":{"start":{"line":49,"column":8},"end":{"line":49,"column":63}},"18":{"start":{"line":51,"column":8},"end":{"line":51,"column":55}},"19":{"start":{"line":53,"column":23},"end":{"line":53,"column":50}},"20":{"start":{"line":54,"column":22},"end":{"line":54,"column":40}},"21":{"start":{"line":55,"column":8},"end":{"line":55,"column":69}},"22":{"start":{"line":58,"column":8},"end":{"line":58,"column":55}},"23":{"start":{"line":63,"column":2},"end":{"line":63,"column":17}},"24":{"start":{"line":67,"column":2},"end":{"line":67,"column":35}},"25":{"start":{"line":67,"column":20},"end":{"line":67,"column":35}},"26":{"start":{"line":70,"column":2},"end":{"line":72,"column":3}},"27":{"start":{"line":71,"column":4},"end":{"line":71,"column":38}},"28":{"start":{"line":74,"column":2},"end":{"line":77,"column":3}},"29":{"start":{"line":75,"column":4},"end":{"line":75,"column":51}},"30":{"start":{"line":75,"column":27},"end":{"line":75,"column":51}},"31":{"start":{"line":76,"column":4},"end":{"line":76,"column":41}},"32":{"start":{"line":79,"column":2},"end":{"line":101,"column":3}},"33":{"start":{"line":81,"column":4},"end":{"line":83,"column":5}},"34":{"start":{"line":82,"column":6},"end":{"line":82,"column":55}},"35":{"start":{"line":86,"column":46},"end":{"line":86,"column":48}},"36":{"start":{"line":87,"column":4},"end":{"line":99,"column":5}},"37":{"start":{"line":88,"column":19},"end":{"line":88,"column":36}},"38":{"start":{"line":89,"column":6},"end":{"line":98,"column":7}},"39":{"start":{"line":95,"column":8},"end":{"line":95,"column":47}},"40":{"start":{"line":97,"column":8},"end":{"line":97,"column":38}},"41":{"start":{"line":100,"column":4},"end":{"line":100,"column":27}},"42":{"start":{"line":104,"column":2},"end":{"line":104,"column":17}},"43":{"start":{"line":113,"column":2},"end":{"line":118,"column":16}},"44":{"start":{"line":118,"column":4},"end":{"line":118,"column":16}},"45":{"start":{"line":119,"column":2},"end":{"line":129,"column":3}},"46":{"start":{"line":120,"column":20},"end":{"line":120,"column":44}},"47":{"start":{"line":122,"column":4},"end":{"line":124,"column":5}},"48":{"start":{"line":123,"column":6},"end":{"line":123,"column":42}},"49":{"start":{"line":125,"column":4},"end":{"line":125,"column":19}},"50":{"start":{"line":128,"column":4},"end":{"line":128,"column":16}}},"fnMap":{"0":{"name":"compilePrimitiveNode","decl":{"start":{"line":14,"column":9},"end":{"line":14,"column":29}},"loc":{"start":{"line":15,"column":67},"end":{"line":64,"column":1}}},"1":{"name":"compileNode","decl":{"start":{"line":66,"column":9},"end":{"line":66,"column":20}},"loc":{"start":{"line":66,"column":36},"end":{"line":105,"column":1}}},"2":{"name":"compilePropsSchema","decl":{"start":{"line":112,"column":16},"end":{"line":112,"column":34}},"loc":{"start":{"line":112,"column":51},"end":{"line":130,"column":1}}}},"branchMap":{"0":{"loc":{"start":{"line":17,"column":2},"end":{"line":33,"column":3}},"type":"if","locations":[{"start":{"line":17,"column":2},"end":{"line":33,"column":3}},{"start":{},"end":{}}]},"1":{"loc":{"start":{"line":19,"column":17},"end":{"line":19,"column":52}},"type":"cond-expr","locations":[{"start":{"line":19,"column":28},"end":{"line":19,"column":45}},{"start":{"line":19,"column":48},"end":{"line":19,"column":52}}]},"2":{"loc":{"start":{"line":20,"column":4},"end":{"line":32,"column":5}},"type":"switch","locations":[{"start":{"line":21,"column":6},"end":{"line":22,"column":61}},{"start":{"line":23,"column":6},"end":{"line":24,"column":61}},{"start":{"line":25,"column":6},"end":{"line":26,"column":63}},{"start":{"line":27,"column":6},"end":{"line":28,"column":55}},{"start":{"line":29,"column":6},"end":{"line":31,"column":55}}]},"3":{"loc":{"start":{"line":22,"column":15},"end":{"line":22,"column":60}},"type":"cond-expr","locations":[{"start":{"line":22,"column":26},"end":{"line":22,"column":47}},{"start":{"line":22,"column":50},"end":{"line":22,"column":60}}]},"4":{"loc":{"start":{"line":24,"column":15},"end":{"line":24,"column":60}},"type":"cond-expr","locations":[{"start":{"line":24,"column":26},"end":{"line":24,"column":47}},{"start":{"line":24,"column":50},"end":{"line":24,"column":60}}]},"5":{"loc":{"start":{"line":26,"column":15},"end":{"line":26,"column":62}},"type":"cond-expr","locations":[{"start":{"line":26,"column":26},"end":{"line":26,"column":48}},{"start":{"line":26,"column":51},"end":{"line":26,"column":62}}]},"6":{"loc":{"start":{"line":28,"column":15},"end":{"line":28,"column":54}},"type":"cond-expr","locations":[{"start":{"line":28,"column":26},"end":{"line":28,"column":44}},{"start":{"line":28,"column":47},"end":{"line":28,"column":54}}]},"7":{"loc":{"start":{"line":31,"column":15},"end":{"line":31,"column":54}},"type":"cond-expr","locations":[{"start":{"line":31,"column":26},"end":{"line":31,"column":44}},{"start":{"line":31,"column":47},"end":{"line":31,"column":54}}]},"8":{"loc":{"start":{"line":36,"column":2},"end":{"line":60,"column":3}},"type":"if","locations":[{"start":{"line":36,"column":2},"end":{"line":60,"column":3}},{"start":{},"end":{}}]},"9":{"loc":{"start":{"line":37,"column":4},"end":{"line":39,"column":33}},"type":"binary-expr","locations":[{"start":{"line":37,"column":4},"end":{"line":37,"column":28}},{"start":{"line":38,"column":4},"end":{"line":38,"column":17}},{"start":{"line":39,"column":4},"end":{"line":39,"column":33}}]},"10":{"loc":{"start":{"line":43,"column":4},"end":{"line":59,"column":5}},"type":"switch","locations":[{"start":{"line":44,"column":6},"end":{"line":45,"column":61}},{"start":{"line":46,"column":6},"end":{"line":47,"column":61}},{"start":{"line":48,"column":6},"end":{"line":49,"column":63}},{"start":{"line":50,"column":6},"end":{"line":51,"column":55}},{"start":{"line":52,"column":6},"end":{"line":56,"column":7}},{"start":{"line":57,"column":6},"end":{"line":58,"column":55}}]},"11":{"loc":{"start":{"line":45,"column":15},"end":{"line":45,"column":60}},"type":"cond-expr","locations":[{"start":{"line":45,"column":26},"end":{"line":45,"column":47}},{"start":{"line":45,"column":50},"end":{"line":45,"column":60}}]},"12":{"loc":{"start":{"line":47,"column":15},"end":{"line":47,"column":60}},"type":"cond-expr","locations":[{"start":{"line":47,"column":26},"end":{"line":47,"column":47}},{"start":{"line":47,"column":50},"end":{"line":47,"column":60}}]},"13":{"loc":{"start":{"line":49,"column":15},"end":{"line":49,"column":62}},"type":"cond-expr","locations":[{"start":{"line":49,"column":26},"end":{"line":49,"column":48}},{"start":{"line":49,"column":51},"end":{"line":49,"column":62}}]},"14":{"loc":{"start":{"line":51,"column":15},"end":{"line":51,"column":54}},"type":"cond-expr","locations":[{"start":{"line":51,"column":26},"end":{"line":51,"column":44}},{"start":{"line":51,"column":47},"end":{"line":51,"column":54}}]},"15":{"loc":{"start":{"line":53,"column":23},"end":{"line":53,"column":50}},"type":"binary-expr","locations":[{"start":{"line":53,"column":23},"end":{"line":53,"column":41}},{"start":{"line":53,"column":45},"end":{"line":53,"column":50}}]},"16":{"loc":{"start":{"line":55,"column":15},"end":{"line":55,"column":68}},"type":"cond-expr","locations":[{"start":{"line":55,"column":26},"end":{"line":55,"column":51}},{"start":{"line":55,"column":54},"end":{"line":55,"column":68}}]},"17":{"loc":{"start":{"line":58,"column":15},"end":{"line":58,"column":54}},"type":"cond-expr","locations":[{"start":{"line":58,"column":26},"end":{"line":58,"column":44}},{"start":{"line":58,"column":47},"end":{"line":58,"column":54}}]},"18":{"loc":{"start":{"line":67,"column":2},"end":{"line":67,"column":35}},"type":"if","locations":[{"start":{"line":67,"column":2},"end":{"line":67,"column":35}},{"start":{},"end":{}}]},"19":{"loc":{"start":{"line":70,"column":2},"end":{"line":72,"column":3}},"type":"if","locations":[{"start":{"line":70,"column":2},"end":{"line":72,"column":3}},{"start":{},"end":{}}]},"20":{"loc":{"start":{"line":74,"column":2},"end":{"line":77,"column":3}},"type":"if","locations":[{"start":{"line":74,"column":2},"end":{"line":77,"column":3}},{"start":{},"end":{}}]},"21":{"loc":{"start":{"line":75,"column":4},"end":{"line":75,"column":51}},"type":"if","locations":[{"start":{"line":75,"column":4},"end":{"line":75,"column":51}},{"start":{},"end":{}}]},"22":{"loc":{"start":{"line":79,"column":2},"end":{"line":101,"column":3}},"type":"if","locations":[{"start":{"line":79,"column":2},"end":{"line":101,"column":3}},{"start":{},"end":{}}]},"23":{"loc":{"start":{"line":81,"column":4},"end":{"line":83,"column":5}},"type":"if","locations":[{"start":{"line":81,"column":4},"end":{"line":83,"column":5}},{"start":{},"end":{}}]},"24":{"loc":{"start":{"line":89,"column":6},"end":{"line":98,"column":7}},"type":"if","locations":[{"start":{"line":89,"column":6},"end":{"line":98,"column":7}},{"start":{"line":96,"column":13},"end":{"line":98,"column":7}}]},"25":{"loc":{"start":{"line":90,"column":8},"end":{"line":93,"column":48}},"type":"binary-expr","locations":[{"start":{"line":90,"column":8},"end":{"line":90,"column":31}},{"start":{"line":91,"column":9},"end":{"line":91,"column":32}},{"start":{"line":92,"column":10},"end":{"line":92,"column":13}},{"start":{"line":93,"column":10},"end":{"line":93,"column":47}}]},"26":{"loc":{"start":{"line":113,"column":2},"end":{"line":118,"column":16}},"type":"if","locations":[{"start":{"line":113,"column":2},"end":{"line":118,"column":16}},{"start":{},"end":{}}]},"27":{"loc":{"start":{"line":114,"column":4},"end":{"line":116,"column":30}},"type":"binary-expr","locations":[{"start":{"line":114,"column":4},"end":{"line":114,"column":16}},{"start":{"line":115,"column":4},"end":{"line":115,"column":35}},{"start":{"line":116,"column":4},"end":{"line":116,"column":30}}]},"28":{"loc":{"start":{"line":122,"column":4},"end":{"line":124,"column":5}},"type":"if","locations":[{"start":{"line":122,"column":4},"end":{"line":124,"column":5}},{"start":{},"end":{}}]}},"s":{"0":5,"1":5,"2":10,"3":8,"4":8,"5":8,"6":8,"7":0,"8":0,"9":0,"10":0,"11":2,"12":2,"13":2,"14":2,"15":0,"16":0,"17":0,"18":0,"19":2,"20":2,"21":2,"22":0,"23":0,"24":7,"25":0,"26":7,"27":2,"28":5,"29":0,"30":0,"31":0,"32":5,"33":5,"34":0,"35":5,"36":5,"37":8,"38":8,"39":8,"40":0,"41":5,"42":0,"43":5,"44":0,"45":5,"46":5,"47":5,"48":5,"49":0,"50":0},"f":{"0":10,"1":7,"2":5},"b":{"0":[8,2],"1":[1,7],"2":[8,0,0,0,0],"3":[1,7],"4":[0,0],"5":[0,0],"6":[0,0],"7":[0,0],"8":[2,0],"9":[2,2,2],"10":[0,0,0,0,2,0],"11":[0,0],"12":[0,0],"13":[0,0],"14":[0,0],"15":[2,0],"16":[0,2],"17":[0,0],"18":[0,7],"19":[2,5],"20":[0,5],"21":[0,0],"22":[5,0],"23":[0,5],"24":[8,0],"25":[8,2,2,2],"26":[0,5],"27":[5,5,5],"28":[5,0]}}
}
