TN:
SF:src\index.ts
FN:26,(anonymous_10)
FN:41,(anonymous_11)
FN:45,(anonymous_12)
FN:64,(anonymous_13)
FNF:4
FNH:1
FNDA:12,(anonymous_10)
FNDA:0,(anonymous_11)
FNDA:0,(anonymous_12)
FNDA:0,(anonymous_13)
DA:2,4
DA:3,4
DA:4,4
DA:8,4
DA:9,4
DA:10,4
DA:11,4
DA:12,4
DA:14,4
DA:17,4
DA:18,0
DA:22,4
DA:23,4
DA:26,12
DA:29,4
DA:32,4
DA:35,4
DA:38,4
DA:41,4
DA:44,4
DA:51,0
DA:52,0
DA:53,0
DA:54,0
DA:55,0
DA:56,0
DA:57,0
DA:62,4
DA:63,0
DA:64,0
DA:65,0
DA:70,4
LF:32
LH:21
BRDA:17,0,0,0
BRDA:17,0,1,4
BRDA:51,1,0,0
BRDA:51,1,1,0
BRDA:51,2,0,0
BRDA:51,2,1,0
BRDA:52,3,0,0
BRDA:52,3,1,0
BRDA:53,4,0,0
BRDA:53,4,1,0
BRDA:54,5,0,0
BRDA:54,5,1,0
BRDA:56,6,0,0
BRDA:56,6,1,0
BRDA:62,7,0,0
BRDA:62,7,1,4
BRDA:63,8,0,0
BRDA:63,8,1,0
BRF:18
BRH:2
end_of_record
TN:
SF:src\config\index.ts
FN:5,(anonymous_1)
FN:8,readNumber
FNF:2
FNH:2
FNDA:40,(anonymous_1)
FNDA:12,readNumber
DA:1,4
DA:2,4
DA:3,4
DA:5,40
DA:6,4
DA:7,4
DA:9,12
DA:10,12
DA:11,8
DA:12,8
DA:15,4
DA:33,4
LF:12
LH:12
BRDA:5,0,0,40
BRDA:5,0,1,0
BRDA:6,1,0,4
BRDA:6,1,1,0
BRDA:10,2,0,4
BRDA:10,2,1,8
BRDA:12,3,0,8
BRDA:12,3,1,0
BRDA:30,4,0,4
BRDA:30,4,1,0
BRF:10
BRH:6
end_of_record
TN:
SF:src\controllers\auth.controller.ts
FN:19,loginHandler
FN:57,registerHandler
FN:104,meHandler
FNF:3
FNH:0
FNDA:0,loginHandler
FNDA:0,registerHandler
FNDA:0,meHandler
DA:3,4
DA:4,4
DA:5,4
DA:7,4
DA:12,4
DA:19,4
DA:20,0
DA:21,0
DA:22,0
DA:23,0
DA:25,0
DA:29,0
DA:32,0
DA:35,0
DA:39,0
DA:42,0
DA:44,0
DA:46,0
DA:47,0
DA:57,4
DA:58,0
DA:60,0
DA:65,0
DA:66,0
DA:69,0
DA:71,0
DA:73,0
DA:81,0
DA:84,0
DA:87,0
DA:90,0
DA:92,0
DA:94,0
DA:95,0
DA:104,4
DA:105,0
DA:107,0
DA:108,0
DA:110,0
DA:112,0
DA:113,0
LF:41
LH:8
BRDA:23,0,0,0
BRDA:23,0,1,0
BRDA:29,1,0,0
BRDA:29,1,1,0
BRDA:32,2,0,0
BRDA:32,2,1,0
BRDA:32,2,2,0
BRDA:39,3,0,0
BRDA:39,3,1,0
BRDA:42,4,0,0
BRDA:42,4,1,0
BRDA:42,5,0,0
BRDA:42,5,1,0
BRDA:48,6,0,0
BRDA:48,6,1,0
BRDA:49,7,0,0
BRDA:49,7,1,0
BRDA:61,8,0,0
BRDA:61,8,1,0
BRDA:61,8,2,0
BRDA:65,9,0,0
BRDA:65,9,1,0
BRDA:71,10,0,0
BRDA:71,10,1,0
BRDA:81,11,0,0
BRDA:81,11,1,0
BRDA:81,11,2,0
BRDA:87,12,0,0
BRDA:87,12,1,0
BRDA:90,13,0,0
BRDA:90,13,1,0
BRDA:90,14,0,0
BRDA:90,14,1,0
BRDA:96,15,0,0
BRDA:96,15,1,0
BRDA:97,16,0,0
BRDA:97,16,1,0
BRDA:108,17,0,0
BRDA:108,17,1,0
BRF:39
BRH:0
end_of_record
TN:
SF:src\controllers\cli.controller.ts
FN:27,adminCliHandler
FNF:1
FNH:0
FNDA:0,adminCliHandler
DA:3,4
DA:27,4
DA:28,0
DA:29,0
DA:30,0
DA:31,0
DA:32,0
DA:33,0
DA:39,0
DA:40,0
DA:42,0
DA:44,0
DA:49,0
DA:50,0
DA:51,0
DA:54,0
DA:62,0
LF:17
LH:2
BRDA:31,0,0,0
BRDA:31,0,1,0
BRDA:31,0,2,0
BRDA:32,1,0,0
BRDA:32,1,1,0
BRDA:45,2,0,0
BRDA:45,2,1,0
BRDA:46,3,0,0
BRDA:46,3,1,0
BRDA:60,4,0,0
BRDA:60,4,1,0
BRDA:60,4,2,0
BRDA:63,5,0,0
BRDA:63,5,1,0
BRDA:64,6,0,0
BRDA:64,6,1,0
BRF:16
BRH:0
end_of_record
TN:
SF:src\controllers\component.controller.ts
FN:9,adminListComponents
FN:22,adminCreateComponent
FN:47,(anonymous_11)
FNF:3
FNH:1
FNDA:1,adminListComponents
FNDA:0,adminCreateComponent
FNDA:0,(anonymous_11)
DA:3,4
DA:4,4
DA:9,4
DA:10,1
DA:11,1
DA:12,1
DA:14,0
DA:15,0
DA:22,4
DA:23,0
DA:24,0
DA:31,0
DA:34,0
DA:42,0
DA:43,0
DA:45,0
DA:47,0
DA:49,0
DA:50,0
DA:52,0
DA:54,0
LF:21
LH:7
BRDA:37,0,0,0
BRDA:37,0,1,0
BRDA:45,1,0,0
BRDA:45,1,1,0
BRDA:47,2,0,0
BRDA:47,2,1,0
BRDA:49,3,0,0
BRDA:49,3,1,0
BRDA:49,4,0,0
BRDA:49,4,1,0
BRDA:50,5,0,0
BRDA:50,5,1,0
BRDA:55,6,0,0
BRDA:55,6,1,0
BRDA:56,7,0,0
BRDA:56,7,1,0
BRF:16
BRH:0
end_of_record
TN:
SF:src\controllers\pages.controller.ts
FN:10,resolveHandler
FN:24,adminCreatePageHandler
FN:52,(anonymous_11)
FN:68,adminUpdatePageHandler
FN:98,(anonymous_13)
FN:114,adminPublishPageHandler
FN:130,adminListPagesHandler
FN:145,adminGetPageHandler
FN:148,(anonymous_17)
FN:161,adminListVersionsHandler
FN:179,adminRestoreVersionHandler
FNF:11
FNH:3
FNDA:1,resolveHandler
FNDA:0,adminCreatePageHandler
FNDA:0,(anonymous_11)
FNDA:0,adminUpdatePageHandler
FNDA:0,(anonymous_13)
FNDA:1,adminPublishPageHandler
FNDA:1,adminListPagesHandler
FNDA:0,adminGetPageHandler
FNDA:0,(anonymous_17)
FNDA:0,adminListVersionsHandler
FNDA:0,adminRestoreVersionHandler
DA:3,4
DA:4,4
DA:10,4
DA:11,1
DA:12,1
DA:13,1
DA:14,1
DA:15,1
DA:16,1
DA:24,4
DA:25,0
DA:26,0
DA:34,0
DA:37,0
DA:46,0
DA:47,0
DA:48,0
DA:50,0
DA:52,0
DA:54,0
DA:55,0
DA:57,0
DA:59,0
DA:68,4
DA:69,0
DA:70,0
DA:78,0
DA:81,0
DA:91,0
DA:92,0
DA:93,0
DA:94,0
DA:96,0
DA:98,0
DA:100,0
DA:101,0
DA:103,0
DA:105,0
DA:114,4
DA:115,1
DA:116,1
DA:117,1
DA:118,1
DA:119,1
DA:121,0
DA:130,4
DA:131,1
DA:132,1
DA:133,1
DA:134,1
DA:135,1
DA:136,1
DA:138,0
DA:145,4
DA:146,0
DA:147,0
DA:148,0
DA:151,0
DA:152,0
DA:154,0
DA:161,4
DA:162,0
DA:163,0
DA:164,0
DA:165,0
DA:166,0
DA:170,0
DA:172,0
DA:179,4
DA:180,0
DA:181,0
DA:182,0
DA:183,0
DA:184,0
DA:189,0
DA:191,0
LF:76
LH:27
BRDA:15,0,0,0
BRDA:15,0,1,1
BRDA:41,1,0,0
BRDA:41,1,1,0
BRDA:42,2,0,0
BRDA:42,2,1,0
BRDA:50,3,0,0
BRDA:50,3,1,0
BRDA:52,4,0,0
BRDA:52,4,1,0
BRDA:54,5,0,0
BRDA:54,5,1,0
BRDA:54,6,0,0
BRDA:54,6,1,0
BRDA:55,7,0,0
BRDA:55,7,1,0
BRDA:60,8,0,0
BRDA:60,8,1,0
BRDA:61,9,0,0
BRDA:61,9,1,0
BRDA:83,10,0,0
BRDA:83,10,1,0
BRDA:84,11,0,0
BRDA:84,11,1,0
BRDA:85,12,0,0
BRDA:85,12,1,0
BRDA:86,13,0,0
BRDA:86,13,1,0
BRDA:87,14,0,0
BRDA:87,14,1,0
BRDA:88,15,0,0
BRDA:88,15,1,0
BRDA:96,16,0,0
BRDA:96,16,1,0
BRDA:98,17,0,0
BRDA:98,17,1,0
BRDA:100,18,0,0
BRDA:100,18,1,0
BRDA:100,19,0,0
BRDA:100,19,1,0
BRDA:101,20,0,0
BRDA:101,20,1,0
BRDA:106,21,0,0
BRDA:106,21,1,0
BRDA:107,22,0,0
BRDA:107,22,1,0
BRDA:122,23,0,0
BRDA:122,23,1,0
BRDA:123,24,0,0
BRDA:123,24,1,0
BRDA:132,25,0,1
BRDA:132,25,1,1
BRDA:133,26,0,1
BRDA:133,26,1,1
BRDA:134,27,0,1
BRDA:134,27,1,1
BRDA:151,28,0,0
BRDA:151,28,1,0
BRDA:164,29,0,0
BRDA:164,29,1,0
BRDA:165,30,0,0
BRDA:165,30,1,0
BRDA:192,31,0,0
BRDA:192,31,1,0
BRDA:193,32,0,0
BRDA:193,32,1,0
BRF:66
BRH:7
end_of_record
TN:
SF:src\middleware\auditRequest.ts
FN:5,(anonymous_0)
FNF:1
FNH:1
FNDA:6,(anonymous_0)
DA:3,4
DA:5,4
DA:6,6
DA:7,6
DA:8,6
DA:9,6
DA:11,6
DA:12,6
DA:29,0
DA:31,6
LF:10
LH:9
BRDA:11,0,0,6
BRDA:11,0,1,0
BRDA:20,1,0,3
BRDA:20,1,1,3
BRDA:21,2,0,3
BRDA:21,2,1,0
BRF:6
BRH:4
end_of_record
TN:
SF:src\middleware\auth.ts
FN:10,(anonymous_1)
FN:53,requireRole
FN:58,(anonymous_3)
FN:63,(anonymous_4)
FNF:4
FNH:4
FNDA:6,(anonymous_1)
FNDA:44,requireRole
FNDA:6,(anonymous_3)
FNDA:6,(anonymous_4)
DA:3,4
DA:4,4
DA:5,4
DA:10,4
DA:11,6
DA:12,6
DA:13,0
DA:18,6
DA:19,6
DA:21,6
DA:23,6
DA:24,6
DA:26,0
DA:29,6
DA:30,6
DA:31,0
DA:33,6
DA:34,6
DA:35,6
DA:37,6
DA:38,6
DA:39,6
DA:40,6
DA:42,6
DA:44,0
DA:45,0
DA:53,4
DA:54,44
DA:58,44
DA:59,6
DA:60,6
DA:62,6
DA:63,6
DA:64,6
DA:65,0
DA:67,6
DA:71,4
LF:37
LH:31
BRDA:12,0,0,0
BRDA:12,0,1,6
BRDA:12,1,0,6
BRDA:12,1,1,6
BRDA:19,2,0,0
BRDA:19,2,1,6
BRDA:21,3,0,6
BRDA:21,3,1,0
BRDA:29,4,0,6
BRDA:29,4,1,0
BRDA:29,4,2,0
BRDA:30,5,0,0
BRDA:30,5,1,6
BRDA:35,6,0,0
BRDA:35,6,1,6
BRDA:37,7,0,6
BRDA:37,7,1,6
BRDA:38,8,0,6
BRDA:38,8,1,0
BRDA:39,9,0,6
BRDA:39,9,1,0
BRDA:40,10,0,6
BRDA:40,10,1,0
BRDA:54,11,0,0
BRDA:54,11,1,44
BRDA:60,12,0,0
BRDA:60,12,1,6
BRDA:62,13,0,6
BRDA:62,13,1,0
BRDA:64,14,0,0
BRDA:64,14,1,6
BRF:31
BRH:17
end_of_record
TN:
SF:src\middleware\ensureBody.ts
FN:13,ensureJsonBody
FNF:1
FNH:0
FNDA:0,ensureJsonBody
DA:13,4
DA:19,0
DA:20,0
DA:24,0
DA:25,0
DA:26,0
DA:33,0
LF:7
LH:1
BRDA:19,0,0,0
BRDA:19,0,1,0
BRDA:19,1,0,0
BRDA:19,1,1,0
BRDA:24,2,0,0
BRDA:24,2,1,0
BRDA:25,3,0,0
BRDA:25,3,1,0
BRF:8
BRH:0
end_of_record
TN:
SF:src\middleware\security.middleware.ts
FN:14,cloneAndStripMongoKeys
FN:19,(anonymous_2)
FN:42,(anonymous_3)
FN:98,(anonymous_4)
FN:101,securityMiddleware
FNF:5
FNH:4
FNDA:17,cloneAndStripMongoKeys
FNDA:58,(anonymous_2)
FNDA:7,(anonymous_3)
FNDA:0,(anonymous_4)
FNDA:4,securityMiddleware
DA:3,4
DA:4,4
DA:5,4
DA:6,4
DA:7,4
DA:8,4
DA:15,17
DA:16,17
DA:17,17
DA:18,17
DA:19,17
DA:20,58
DA:21,35
DA:22,41
DA:23,0
DA:24,0
DA:26,41
DA:29,17
DA:30,17
DA:33,0
DA:34,0
DA:42,4
DA:43,7
DA:44,7
DA:45,3
DA:48,7
DA:49,7
DA:50,7
DA:54,7
DA:59,7
DA:60,7
DA:61,7
DA:64,0
DA:70,0
DA:72,7
DA:76,4
DA:77,4
DA:78,4
DA:80,4
DA:87,4
DA:94,4
DA:98,0
DA:101,4
DA:102,4
DA:104,4
DA:106,4
DA:114,4
DA:116,4
LF:48
LH:41
BRDA:15,0,0,0
BRDA:15,0,1,17
BRDA:15,1,0,17
BRDA:15,1,1,17
BRDA:16,2,0,0
BRDA:16,2,1,17
BRDA:20,3,0,23
BRDA:20,3,1,35
BRDA:20,4,0,58
BRDA:20,4,1,58
BRDA:22,5,0,0
BRDA:22,5,1,41
BRDA:22,6,0,41
BRDA:22,6,1,41
BRDA:44,7,0,3
BRDA:44,7,1,4
BRDA:49,8,0,7
BRDA:49,8,1,0
BRDA:60,9,0,7
BRDA:60,9,1,0
BRDA:76,10,0,4
BRDA:76,10,1,0
BRDA:77,11,0,4
BRDA:77,11,1,0
BRDA:78,12,0,4
BRDA:78,12,1,0
BRDA:108,13,0,4
BRDA:108,13,1,0
BRF:28
BRH:19
end_of_record
TN:
SF:src\models\AuditLog.ts
FNF:0
FNH:0
DA:2,4
DA:15,4
DA:28,4
LF:3
LH:3
BRF:0
BRH:0
end_of_record
TN:
SF:src\models\ComponentType.ts
FNF:0
FNH:0
DA:1,5
DA:13,5
DA:24,5
LF:3
LH:3
BRF:0
BRH:0
end_of_record
TN:
SF:src\models\Page.ts
FNF:0
FNH:0
DA:1,4
DA:25,4
DA:33,4
DA:51,4
LF:4
LH:4
BRF:0
BRH:0
end_of_record
TN:
SF:src\models\PageVersion.ts
FNF:0
FNH:0
DA:2,4
DA:13,4
DA:24,4
DA:26,4
LF:4
LH:4
BRF:0
BRH:0
end_of_record
TN:
SF:src\models\User.ts
FNF:0
FNH:0
DA:1,4
DA:14,4
DA:28,4
LF:3
LH:3
BRF:0
BRH:0
end_of_record
TN:
SF:src\routes\admin.components.routes.ts
FNF:0
FNH:0
DA:2,4
DA:3,4
DA:7,4
DA:8,4
DA:10,4
DA:12,4
DA:13,4
DA:21,4
LF:8
LH:8
BRF:0
BRH:0
end_of_record
TN:
SF:src\routes\admin.pages.routes.ts
FNF:0
FNH:0
DA:2,4
DA:3,4
DA:13,4
DA:14,4
DA:16,4
DA:19,4
DA:22,4
DA:31,4
DA:34,4
DA:43,4
DA:51,4
DA:57,4
DA:64,4
LF:13
LH:13
BRF:0
BRH:0
end_of_record
TN:
SF:src\routes\admin.routes.ts
FN:16,(anonymous_1)
FNF:1
FNH:0
FNDA:0,(anonymous_1)
DA:2,4
DA:3,4
DA:4,4
DA:5,4
DA:6,4
DA:8,4
DA:10,4
DA:11,4
DA:12,4
DA:13,4
DA:16,4
DA:18,4
LF:12
LH:12
BRF:0
BRH:0
end_of_record
TN:
SF:src\routes\auth.routes.ts
FNF:0
FNH:0
DA:1,4
DA:2,4
DA:7,4
DA:8,4
DA:10,4
DA:11,4
DA:12,4
DA:14,4
LF:8
LH:8
BRF:0
BRH:0
end_of_record
TN:
SF:src\routes\cli.debug.routes.ts
FN:11,(anonymous_9)
FNF:1
FNH:1
FNDA:3,(anonymous_9)
DA:2,4
DA:3,4
DA:4,4
DA:6,4
DA:11,4
DA:12,3
DA:13,3
DA:14,3
DA:15,0
DA:18,3
DA:19,3
DA:20,3
DA:22,0
DA:23,0
DA:29,4
LF:15
LH:12
BRDA:13,0,0,3
BRDA:13,0,1,3
BRDA:14,1,0,0
BRDA:14,1,1,3
BRDA:22,2,0,0
BRDA:22,2,1,0
BRDA:22,2,2,0
BRDA:24,3,0,0
BRDA:24,3,1,0
BRDA:25,4,0,0
BRDA:25,4,1,0
BRF:11
BRH:3
end_of_record
TN:
SF:src\routes\cli.routes.ts
FNF:0
FNH:0
DA:2,4
DA:3,4
DA:4,4
DA:5,4
DA:7,4
DA:10,4
DA:18,4
LF:7
LH:7
BRF:0
BRH:0
end_of_record
TN:
SF:src\routes\public.routes.ts
FNF:0
FNH:0
DA:1,4
DA:2,4
DA:4,4
DA:7,4
DA:9,4
LF:5
LH:5
BRF:0
BRH:0
end_of_record
TN:
SF:src\services\audit.service.ts
FN:5,createAuditEntry
FNF:1
FNH:1
FNDA:9,createAuditEntry
DA:2,4
DA:3,4
DA:5,4
DA:14,9
DA:15,9
DA:24,9
DA:25,9
DA:30,0
DA:31,0
LF:9
LH:7
BRDA:21,0,0,9
BRDA:21,0,1,0
BRF:2
BRH:1
end_of_record
TN:
SF:src\services\auth.service.ts
FN:9,hashPassword
FN:13,verifyPassword
FN:17,createUser
FN:31,findUserByEmail
FN:39,generateAccessToken
FN:62,verifyAccessToken
FNF:6
FNH:0
FNDA:0,hashPassword
FNDA:0,verifyPassword
FNDA:0,createUser
FNDA:0,findUserByEmail
FNDA:0,generateAccessToken
FNDA:0,verifyAccessToken
DA:2,4
DA:3,4
DA:4,4
DA:5,4
DA:7,4
DA:9,4
DA:10,0
DA:13,4
DA:14,0
DA:17,4
DA:23,0
DA:24,0
DA:25,0
DA:26,0
DA:27,0
DA:28,0
DA:31,4
DA:32,0
DA:39,4
DA:40,0
DA:42,0
DA:44,0
DA:45,0
DA:48,0
DA:51,0
DA:55,0
DA:56,0
DA:62,4
DA:63,0
DA:64,0
DA:66,0
DA:67,0
DA:68,0
DA:69,0
DA:71,0
LF:35
LH:11
BRDA:20,0,0,0
BRDA:24,1,0,0
BRDA:24,1,1,0
BRDA:42,2,0,0
BRDA:42,2,1,0
BRDA:44,3,0,0
BRDA:44,3,1,0
BRDA:44,4,0,0
BRDA:44,4,1,0
BRDA:45,5,0,0
BRDA:45,5,1,0
BRDA:48,6,0,0
BRDA:48,6,1,0
BRDA:64,7,0,0
BRDA:64,7,1,0
BRDA:66,8,0,0
BRDA:66,8,1,0
BRDA:66,9,0,0
BRDA:66,9,1,0
BRDA:67,10,0,0
BRDA:67,10,1,0
BRF:21
BRH:0
end_of_record
TN:
SF:src\services\cli.service.ts
FN:16,validateCandidateProps
FN:42,(anonymous_11)
FN:81,(anonymous_12)
FN:159,parseCommand
FN:264,execCommand
FN:440,(anonymous_15)
FNF:6
FNH:2
FNDA:4,validateCandidateProps
FNDA:0,(anonymous_11)
FNDA:0,(anonymous_12)
FNDA:0,parseCommand
FNDA:3,execCommand
FNDA:0,(anonymous_15)
DA:2,4
DA:3,4
DA:4,4
DA:5,4
DA:6,4
DA:7,4
DA:23,4
DA:24,4
DA:25,4
DA:27,0
DA:33,0
DA:37,4
DA:39,4
DA:40,4
DA:41,0
DA:42,0
DA:43,0
DA:45,0
DA:48,0
DA:52,4
DA:55,4
DA:56,4
DA:57,4
DA:62,4
DA:64,0
DA:70,0
DA:76,4
DA:78,0
DA:79,0
DA:80,0
DA:81,0
DA:83,0
DA:84,0
DA:88,0
DA:89,0
DA:94,0
DA:96,0
DA:99,0
DA:102,0
DA:103,0
DA:104,0
DA:106,0
DA:110,0
DA:116,0
DA:117,0
DA:124,0
DA:132,0
DA:135,0
DA:137,0
DA:144,0
DA:148,4
DA:159,4
DA:160,0
DA:161,0
DA:163,0
DA:164,0
DA:165,0
DA:166,0
DA:167,0
DA:168,0
DA:169,0
DA:170,0
DA:172,0
DA:173,0
DA:178,0
DA:179,0
DA:182,0
DA:183,0
DA:184,0
DA:185,0
DA:186,0
DA:187,0
DA:188,0
DA:189,0
DA:191,0
DA:198,0
DA:205,0
DA:206,0
DA:207,0
DA:208,0
DA:209,0
DA:210,0
DA:213,0
DA:214,0
DA:215,0
DA:216,0
DA:217,0
DA:218,0
DA:221,0
DA:222,0
DA:223,0
DA:224,0
DA:225,0
DA:228,0
DA:231,0
DA:232,0
DA:234,0
DA:235,0
DA:236,0
DA:237,0
DA:238,0
DA:239,0
DA:240,0
DA:241,0
DA:244,0
DA:251,0
DA:258,0
DA:264,4
DA:265,3
DA:266,3
DA:269,3
DA:275,3
DA:277,3
DA:279,3
DA:280,3
DA:281,3
DA:283,3
DA:284,0
DA:291,3
DA:293,3
DA:294,4
DA:295,4
DA:297,4
DA:298,0
DA:303,4
DA:304,0
DA:311,4
DA:312,0
DA:316,4
DA:317,4
DA:318,0
DA:323,4
DA:331,4
DA:332,4
DA:333,4
DA:335,4
DA:337,4
DA:342,4
DA:343,1
DA:344,1
DA:345,0
DA:346,0
DA:347,0
DA:348,0
DA:350,0
DA:358,0
DA:367,4
DA:368,4
DA:369,4
DA:374,4
DA:375,4
DA:376,4
DA:383,4
DA:385,4
DA:391,0
DA:400,3
DA:411,3
DA:413,3
DA:423,3
DA:428,3
DA:432,0
DA:433,0
DA:434,0
DA:436,0
DA:437,0
DA:439,0
DA:440,0
DA:442,0
DA:443,0
DA:446,0
DA:456,0
DA:460,0
DA:461,0
DA:462,0
DA:463,0
DA:464,0
DA:466,0
DA:468,0
DA:470,0
DA:472,0
DA:482,0
DA:486,0
DA:487,0
DA:488,0
DA:489,0
DA:491,0
DA:497,0
DA:507,0
DA:510,0
DA:513,0
DA:514,0
DA:524,0
DA:527,0
LF:193
LH:61
BRDA:37,0,0,4
BRDA:37,0,1,0
BRDA:37,1,0,4
BRDA:37,1,1,4
BRDA:40,2,0,0
BRDA:40,2,1,4
BRDA:40,3,0,4
BRDA:40,3,1,4
BRDA:40,3,2,4
BRDA:43,4,0,0
BRDA:43,4,1,0
BRDA:43,5,0,0
BRDA:43,5,1,0
BRDA:45,6,0,0
BRDA:45,6,1,0
BRDA:55,7,0,4
BRDA:55,7,1,0
BRDA:76,8,0,0
BRDA:76,8,1,4
BRDA:76,9,0,4
BRDA:76,9,1,4
BRDA:79,10,0,0
BRDA:79,10,1,0
BRDA:79,11,0,0
BRDA:79,11,1,0
BRDA:79,11,2,0
BRDA:83,12,0,0
BRDA:83,12,1,0
BRDA:83,13,0,0
BRDA:83,13,1,0
BRDA:84,14,0,0
BRDA:84,14,1,0
BRDA:89,15,0,0
BRDA:89,15,1,0
BRDA:90,16,0,0
BRDA:90,16,1,0
BRDA:90,16,2,0
BRDA:96,17,0,0
BRDA:96,17,1,0
BRDA:102,18,0,0
BRDA:102,18,1,0
BRDA:102,19,0,0
BRDA:102,19,1,0
BRDA:121,20,0,0
BRDA:121,20,1,0
BRDA:138,21,0,0
BRDA:138,21,1,0
BRDA:160,22,0,0
BRDA:160,22,1,0
BRDA:163,23,0,0
BRDA:163,23,1,0
BRDA:168,24,0,0
BRDA:168,24,1,0
BRDA:179,25,0,0
BRDA:179,25,1,0
BRDA:179,26,0,0
BRDA:179,26,1,0
BRDA:179,26,2,0
BRDA:184,27,0,0
BRDA:184,27,1,0
BRDA:184,28,0,0
BRDA:184,28,1,0
BRDA:188,29,0,0
BRDA:188,29,1,0
BRDA:193,30,0,0
BRDA:193,30,1,0
BRDA:205,31,0,0
BRDA:205,31,1,0
BRDA:208,32,0,0
BRDA:208,32,1,0
BRDA:213,33,0,0
BRDA:213,33,1,0
BRDA:216,34,0,0
BRDA:216,34,1,0
BRDA:221,35,0,0
BRDA:221,35,1,0
BRDA:224,36,0,0
BRDA:224,36,1,0
BRDA:225,37,0,0
BRDA:225,37,1,0
BRDA:231,38,0,0
BRDA:231,38,1,0
BRDA:232,39,0,0
BRDA:232,39,1,0
BRDA:232,39,2,0
BRDA:236,40,0,0
BRDA:236,40,1,0
BRDA:236,41,0,0
BRDA:236,41,1,0
BRDA:240,42,0,0
BRDA:240,42,1,0
BRDA:240,43,0,0
BRDA:240,43,1,0
BRDA:246,44,0,0
BRDA:246,44,1,0
BRDA:266,45,0,3
BRDA:266,45,1,0
BRDA:279,46,0,3
BRDA:279,46,1,0
BRDA:280,47,0,3
BRDA:280,47,1,0
BRDA:281,48,0,3
BRDA:281,48,1,0
BRDA:283,49,0,0
BRDA:283,49,1,3
BRDA:297,50,0,0
BRDA:297,50,1,4
BRDA:297,51,0,4
BRDA:297,51,1,4
BRDA:303,52,0,0
BRDA:303,52,1,4
BRDA:311,53,0,0
BRDA:311,53,1,4
BRDA:311,54,0,4
BRDA:311,54,1,4
BRDA:317,55,0,0
BRDA:317,55,1,4
BRDA:333,56,0,4
BRDA:333,56,1,0
BRDA:333,57,0,4
BRDA:333,57,1,4
BRDA:337,58,0,4
BRDA:337,58,1,1
BRDA:337,58,2,1
BRDA:337,58,3,1
BRDA:337,58,4,0
BRDA:342,59,0,1
BRDA:342,59,1,3
BRDA:344,60,0,0
BRDA:344,60,1,1
BRDA:344,61,0,1
BRDA:344,61,1,1
BRDA:344,61,2,0
BRDA:345,62,0,0
BRDA:345,62,1,0
BRDA:347,63,0,0
BRDA:347,63,1,0
BRDA:367,64,0,4
BRDA:367,64,1,0
BRDA:374,65,0,4
BRDA:374,65,1,0
BRDA:375,66,0,4
BRDA:375,66,1,0
BRDA:402,67,0,3
BRDA:402,67,1,0
BRDA:402,68,0,0
BRDA:402,68,1,3
BRDA:417,69,0,3
BRDA:417,69,1,0
BRDA:432,70,0,0
BRDA:432,70,1,0
BRDA:436,71,0,0
BRDA:436,71,1,0
BRDA:442,72,0,0
BRDA:442,72,1,0
BRDA:450,73,0,0
BRDA:450,73,1,0
BRDA:460,74,0,0
BRDA:460,74,1,0
BRDA:463,75,0,0
BRDA:463,75,1,0
BRDA:468,76,0,0
BRDA:468,76,1,0
BRDA:486,77,0,0
BRDA:486,77,1,0
BRDA:488,78,0,0
BRDA:488,78,1,0
BRDA:488,79,0,0
BRDA:488,79,1,0
BRDA:517,80,0,0
BRDA:517,80,1,0
BRDA:521,81,0,0
BRDA:521,81,1,0
BRF:173
BRH:42
end_of_record
TN:
SF:src\services\component.service.ts
FN:7,listComponents
FN:9,(anonymous_2)
FN:23,createComponent
FN:55,getComponentByType
FNF:4
FNH:3
FNDA:1,listComponents
FNDA:5,(anonymous_2)
FNDA:0,createComponent
FNDA:4,getComponentByType
DA:2,4
DA:7,4
DA:8,1
DA:9,5
DA:23,4
DA:30,0
DA:31,0
DA:33,0
DA:40,0
DA:41,0
DA:55,4
DA:56,4
LF:12
LH:7
BRDA:31,0,0,0
BRDA:31,0,1,0
BRF:2
BRH:0
end_of_record
TN:
SF:src\services\page.service.ts
FN:33,validateLayout
FN:37,(anonymous_2)
FN:42,(anonymous_3)
FN:58,createPage
FN:87,updatePage
FN:120,publishPage
FN:140,createPageVersion
FN:169,listPageVersions
FN:178,(anonymous_9)
FN:190,restorePageFromVersion
FN:233,cachePublishedPage
FN:252,invalidatePageCache
FN:262,cacheKeyForPath
FN:266,getPageByPath
FN:317,listPages
FN:329,(anonymous_16)
FNF:16
FNH:10
FNDA:3,validateLayout
FNDA:4,(anonymous_2)
FNDA:0,(anonymous_3)
FNDA:3,createPage
FNDA:0,updatePage
FNDA:1,publishPage
FNDA:1,createPageVersion
FNDA:0,listPageVersions
FNDA:0,(anonymous_9)
FNDA:0,restorePageFromVersion
FNDA:1,cachePublishedPage
FNDA:0,invalidatePageCache
FNDA:2,cacheKeyForPath
FNDA:1,getPageByPath
FNDA:1,listPages
FNDA:1,(anonymous_16)
DA:2,4
DA:3,4
DA:5,4
DA:6,4
DA:7,4
DA:10,4
DA:12,4
DA:18,4
DA:34,3
DA:35,0
DA:36,3
DA:37,3
DA:38,4
DA:39,4
DA:41,0
DA:42,0
DA:44,0
DA:45,0
DA:47,0
DA:49,0
DA:50,0
DA:54,3
DA:55,0
DA:58,4
DA:59,3
DA:60,0
DA:61,3
DA:62,0
DA:63,3
DA:64,3
DA:65,3
DA:67,3
DA:76,3
DA:78,3
DA:79,0
DA:81,0
DA:84,3
DA:87,4
DA:92,0
DA:93,0
DA:94,0
DA:95,0
DA:96,0
DA:98,0
DA:99,0
DA:100,0
DA:101,0
DA:102,0
DA:103,0
DA:104,0
DA:106,0
DA:108,0
DA:109,0
DA:111,0
DA:114,0
DA:120,4
DA:121,1
DA:122,1
DA:124,1
DA:125,1
DA:126,1
DA:127,1
DA:129,1
DA:132,1
DA:134,1
DA:140,4
DA:145,1
DA:146,1
DA:149,1
DA:152,1
DA:154,1
DA:161,1
DA:162,1
DA:163,1
DA:169,4
DA:173,0
DA:178,0
DA:190,4
DA:195,0
DA:196,0
DA:197,0
DA:198,0
DA:201,0
DA:202,0
DA:203,0
DA:205,0
DA:206,0
DA:207,0
DA:208,0
DA:209,0
DA:210,0
DA:211,0
DA:212,0
DA:215,0
DA:222,0
DA:223,0
DA:225,0
DA:228,0
DA:234,1
DA:235,1
DA:236,1
DA:245,1
DA:246,1
DA:248,0
DA:252,4
DA:253,0
DA:254,0
DA:255,0
DA:256,0
DA:258,0
DA:263,2
DA:266,4
DA:267,1
DA:268,1
DA:269,1
DA:270,1
DA:271,1
DA:272,1
DA:273,1
DA:276,0
DA:280,0
DA:281,0
DA:282,0
DA:283,0
DA:285,0
DA:286,0
DA:287,0
DA:288,0
DA:302,0
DA:306,0
DA:317,4
DA:322,1
DA:323,1
DA:324,1
DA:329,1
LF:135
LH:66
BRDA:34,0,0,0
BRDA:34,0,1,3
BRDA:41,1,0,0
BRDA:41,1,1,0
BRDA:41,2,0,0
BRDA:41,2,1,0
BRDA:41,2,2,0
BRDA:44,3,0,0
BRDA:44,3,1,0
BRDA:44,4,0,0
BRDA:44,4,1,0
BRDA:45,5,0,0
BRDA:45,5,1,0
BRDA:49,6,0,0
BRDA:49,6,1,0
BRDA:49,7,0,0
BRDA:49,7,1,0
BRDA:54,8,0,0
BRDA:54,8,1,3
BRDA:59,9,0,0
BRDA:59,9,1,3
BRDA:59,10,0,3
BRDA:59,10,1,3
BRDA:61,11,0,0
BRDA:61,11,1,3
BRDA:61,12,0,3
BRDA:61,12,1,3
BRDA:63,13,0,3
BRDA:63,13,1,0
BRDA:65,14,0,0
BRDA:65,14,1,3
BRDA:71,15,0,3
BRDA:71,15,1,0
BRDA:72,16,0,3
BRDA:72,16,1,0
BRDA:78,17,0,0
BRDA:78,17,1,3
BRDA:92,18,0,0
BRDA:92,18,1,0
BRDA:92,19,0,0
BRDA:92,19,1,0
BRDA:94,20,0,0
BRDA:94,20,1,0
BRDA:96,21,0,0
BRDA:96,21,1,0
BRDA:98,22,0,0
BRDA:98,22,1,0
BRDA:99,23,0,0
BRDA:99,23,1,0
BRDA:100,24,0,0
BRDA:100,24,1,0
BRDA:101,25,0,0
BRDA:101,25,1,0
BRDA:102,26,0,0
BRDA:102,26,1,0
BRDA:103,27,0,0
BRDA:103,27,1,0
BRDA:108,28,0,0
BRDA:108,28,1,0
BRDA:122,29,0,0
BRDA:122,29,1,1
BRDA:146,30,0,0
BRDA:146,30,1,1
BRDA:152,31,0,0
BRDA:152,31,1,1
BRDA:171,32,0,0
BRDA:171,33,0,0
BRDA:171,34,0,0
BRDA:196,35,0,0
BRDA:196,35,1,0
BRDA:197,36,0,0
BRDA:197,36,1,0
BRDA:203,37,0,0
BRDA:203,37,1,0
BRDA:222,38,0,0
BRDA:222,38,1,0
BRDA:266,39,0,0
BRDA:267,40,0,1
BRDA:267,40,1,0
BRDA:271,41,0,1
BRDA:271,41,1,0
BRDA:281,42,0,0
BRDA:281,42,1,0
BRDA:283,43,0,0
BRDA:283,43,1,0
BRDA:285,44,0,0
BRDA:285,44,1,0
BRDA:285,45,0,0
BRDA:285,45,1,0
BRDA:317,46,0,0
BRDA:319,47,0,0
BRDA:320,48,0,0
BRDA:323,49,0,0
BRDA:323,49,1,1
BRF:94
BRH:19
end_of_record
TN:
SF:src\tests\utils.ts
FN:12,createUserAndToken
FNF:1
FNH:1
FNDA:4,createUserAndToken
DA:2,3
DA:3,3
DA:4,3
DA:12,3
DA:13,4
DA:23,4
DA:26,4
DA:34,4
LF:8
LH:8
BRDA:12,0,0,0
BRDA:14,1,0,4
BRDA:14,1,1,4
BRDA:16,2,0,4
BRDA:16,2,1,4
BRDA:17,3,0,4
BRDA:17,3,1,4
BRDA:18,4,0,4
BRDA:18,4,1,4
BRF:9
BRH:8
end_of_record
TN:
SF:src\utils\logger.ts
FNF:0
FNH:0
DA:1,4
DA:3,4
DA:14,4
LF:3
LH:3
BRF:0
BRH:0
end_of_record
TN:
SF:src\utils\redis.ts
FN:15,initRedis
FN:25,(anonymous_2)
FN:33,(anonymous_3)
FN:39,(anonymous_4)
FN:54,(anonymous_5)
FN:82,(anonymous_6)
FN:103,(anonymous_7)
FN:121,(anonymous_8)
FN:127,(anonymous_9)
FN:130,(anonymous_10)
FNF:10
FNH:2
FNDA:0,initRedis
FNDA:0,(anonymous_2)
FNDA:0,(anonymous_3)
FNDA:0,(anonymous_4)
FNDA:0,(anonymous_5)
FNDA:1,(anonymous_6)
FNDA:1,(anonymous_7)
FNDA:0,(anonymous_8)
FNDA:0,(anonymous_9)
FNDA:0,(anonymous_10)
DA:2,4
DA:3,4
DA:4,4
DA:6,4
DA:7,4
DA:9,4
DA:16,0
DA:17,0
DA:18,0
DA:21,0
DA:22,0
DA:27,0
DA:29,0
DA:33,0
DA:34,0
DA:35,0
DA:36,0
DA:39,0
DA:41,0
DA:45,0
DA:46,0
DA:48,0
DA:49,0
DA:54,0
DA:55,0
DA:56,0
DA:57,0
DA:58,0
DA:61,0
DA:62,0
DA:66,0
DA:70,0
DA:71,0
DA:77,4
DA:78,0
DA:81,4
DA:83,1
DA:84,0
DA:85,0
DA:86,0
DA:88,0
DA:92,0
DA:93,0
DA:94,0
DA:96,0
DA:97,0
DA:100,1
DA:104,1
DA:105,0
DA:106,0
DA:107,0
DA:108,0
DA:110,0
DA:114,0
DA:115,0
DA:116,0
DA:118,0
DA:119,0
DA:120,0
DA:121,0
DA:122,0
DA:125,1
DA:126,1
DA:127,0
DA:131,0
DA:132,0
DA:133,0
DA:134,0
DA:136,0
DA:140,0
DA:141,0
DA:142,0
DA:144,0
DA:145,0
DA:146,0
DA:149,0
LF:76
LH:13
BRDA:16,0,0,0
BRDA:16,0,1,0
BRDA:27,1,0,0
BRDA:27,1,1,0
BRDA:43,2,0,0
BRDA:43,2,1,0
BRDA:55,3,0,0
BRDA:55,3,1,0
BRDA:56,4,0,0
BRDA:56,4,1,0
BRDA:68,5,0,0
BRDA:68,5,1,0
BRDA:77,6,0,0
BRDA:77,6,1,4
BRDA:83,7,0,0
BRDA:83,7,1,1
BRDA:83,8,0,1
BRDA:83,8,1,0
BRDA:90,9,0,0
BRDA:90,9,1,0
BRDA:97,10,0,0
BRDA:97,10,1,0
BRDA:100,11,0,1
BRDA:100,11,1,0
BRDA:104,12,0,0
BRDA:104,12,1,1
BRDA:104,13,0,1
BRDA:104,13,1,0
BRDA:106,14,0,0
BRDA:106,14,1,0
BRDA:112,15,0,0
BRDA:112,15,1,0
BRDA:120,16,0,0
BRDA:120,16,1,0
BRDA:120,17,0,0
BRDA:120,17,1,0
BRDA:126,18,0,0
BRDA:126,18,1,1
BRDA:126,19,0,1
BRDA:126,19,1,1
BRDA:131,20,0,0
BRDA:131,20,1,0
BRDA:131,21,0,0
BRDA:131,21,1,0
BRDA:138,22,0,0
BRDA:138,22,1,0
BRF:46
BRH:9
end_of_record
TN:
SF:src\utils\schemaCompiler.ts
FN:14,compilePrimitiveNode
FN:66,compileNode
FN:112,compilePropsSchema
FNF:3
FNH:3
FNDA:10,compilePrimitiveNode
FNDA:7,compileNode
FNDA:5,compilePropsSchema
DA:2,5
DA:17,10
DA:18,8
DA:19,8
DA:20,8
DA:22,8
DA:24,0
DA:26,0
DA:28,0
DA:31,0
DA:36,2
DA:41,2
DA:42,2
DA:43,2
DA:45,0
DA:47,0
DA:49,0
DA:51,0
DA:53,2
DA:54,2
DA:55,2
DA:58,0
DA:63,0
DA:67,7
DA:70,7
DA:71,2
DA:74,5
DA:75,0
DA:76,0
DA:79,5
DA:81,5
DA:82,0
DA:86,5
DA:87,5
DA:88,8
DA:89,8
DA:95,8
DA:97,0
DA:100,5
DA:104,0
DA:112,5
DA:113,5
DA:118,0
DA:119,5
DA:120,5
DA:122,5
DA:123,5
DA:125,0
DA:128,0
LF:49
LH:31
BRDA:17,0,0,8
BRDA:17,0,1,2
BRDA:19,1,0,1
BRDA:19,1,1,7
BRDA:20,2,0,8
BRDA:20,2,1,0
BRDA:20,2,2,0
BRDA:20,2,3,0
BRDA:20,2,4,0
BRDA:22,3,0,1
BRDA:22,3,1,7
BRDA:24,4,0,0
BRDA:24,4,1,0
BRDA:26,5,0,0
BRDA:26,5,1,0
BRDA:28,6,0,0
BRDA:28,6,1,0
BRDA:31,7,0,0
BRDA:31,7,1,0
BRDA:36,8,0,2
BRDA:36,8,1,0
BRDA:37,9,0,2
BRDA:37,9,1,2
BRDA:37,9,2,2
BRDA:43,10,0,0
BRDA:43,10,1,0
BRDA:43,10,2,0
BRDA:43,10,3,0
BRDA:43,10,4,2
BRDA:43,10,5,0
BRDA:45,11,0,0
BRDA:45,11,1,0
BRDA:47,12,0,0
BRDA:47,12,1,0
BRDA:49,13,0,0
BRDA:49,13,1,0
BRDA:51,14,0,0
BRDA:51,14,1,0
BRDA:53,15,0,2
BRDA:53,15,1,0
BRDA:55,16,0,0
BRDA:55,16,1,2
BRDA:58,17,0,0
BRDA:58,17,1,0
BRDA:67,18,0,0
BRDA:67,18,1,7
BRDA:70,19,0,2
BRDA:70,19,1,5
BRDA:74,20,0,0
BRDA:74,20,1,5
BRDA:75,21,0,0
BRDA:75,21,1,0
BRDA:79,22,0,5
BRDA:79,22,1,0
BRDA:81,23,0,0
BRDA:81,23,1,5
BRDA:89,24,0,8
BRDA:89,24,1,0
BRDA:90,25,0,8
BRDA:90,25,1,2
BRDA:90,25,2,2
BRDA:90,25,3,2
BRDA:113,26,0,0
BRDA:113,26,1,5
BRDA:114,27,0,5
BRDA:114,27,1,5
BRDA:114,27,2,5
BRDA:122,28,0,5
BRDA:122,28,1,0
BRF:69
BRH:30
end_of_record
